[01:27:30]  ########## Start of work program! ##########
[01:27:30]  Version: 1.0.10.1120; Build: 20.01.2012
[01:27:30]  Windows Server 2003 Unknown Service Pack 1 64-bit
[01:27:30]  CrashDump System! DbgHelp.dll 5.1 or later!
[01:27:30]  CrashDump System! FolderPath: 'D:\MuServer\ConnectServer\';
[01:27:30]  CrashDump System - Successfully installed.
[01:27:30]  'BoR_Config.ini' file successfully loaded.
[01:27:30]  Protocol version: 20050502; (0.98.* - 1.05.*)
[01:27:30]  Active Servers: 3
[01:27:30]  'BoR_ServerList.dat' file successfully loaded.
[01:27:30]  Data from file 'BoR_WZ_ServerInfo.ini' load success.
[01:27:30]  TCP Recv Socket Initialize Success. Port: 44405;
[01:27:30]  Run I/O Completion Port System. (16 working threads)
[01:27:30]  UDP Recv Socket Initialize Success. Port: 55557;
[01:27:30]  # Current settings:
[01:27:30]  - PortTCP: 44405;
[01:27:30]  - PortUDP: 55557;
[01:27:30]  - WriteLog: Enabled;
[01:27:30]  - ProtocolMode: 2;
[01:27:30]  - MultipleConnections: Enabled;
[01:27:30]  - MaxConnections: 1000;
[01:27:30]  - WaitTime2Omission: 2000;
[01:27:30]  # Process Info:
[01:27:30]  - Physical Memory: 7528 KByte; (Default: 7528 KByte)
[01:27:30]  - Virtual Memory: 5960 KByte; (Default: 5960 KByte)
[01:27:30]  - Work Time: 0 day(s) 00:00:00.
[01:27:51]  The program closes the user's request.
[01:27:51]  # Process Info:
[01:27:51]  - Physical Memory: 7640 KByte; (Default: 7528 KByte)
[01:27:51]  - Virtual Memory: 5976 KByte; (Default: 5960 KByte)
[01:27:51]  - Work Time: 0 day(s) 00:00:21.
[01:27:53]  [TIOCP->RemoveIOPortAndThreads]  Completion of 16 working threads IOCP system.
[01:27:53]  [TIOCP->RemoveIOPortAndThreads]  The successful closure of the handle IOCP.
[01:27:53]  Removing UDP object. In the process...
[01:27:53]  [TUDPContext->UDPThreadProc]  Thread exits: 0;
[01:27:53]  Removing object UDP completed.
[01:27:53]  ########## End of work program! ##########
