[20:06:54]  ########## Start of work program! ##########
[20:06:54]  Version: 1.0.10.1120; Build: 20.01.2012
[20:06:54]  Windows XP Professional Service Pack 3 32-bit
[20:06:54]  CrashDump System! DbgHelp.dll 5.1 or later!
[20:06:54]  CrashDump System! FolderPath: 'D:\museason6.8\MuServer6.8\ConnectServer\';
[20:06:54]  CrashDump System - Successfully installed.
[20:06:54]  'BoR_Config.ini' file successfully loaded.
[20:06:54]  Protocol version: 20050502; (0.98.* - 1.05.*)
[20:06:54]  Active Servers: 6
[20:06:54]  'BoR_ServerList.dat' file successfully loaded.
[20:06:54]  Data from file 'BoR_WZ_ServerInfo.ini' load success.
[20:06:54]  TCP Recv Socket Initialize Success. Port: 44405;
[20:06:54]  Run I/O Completion Port System. (4 working threads)
[20:06:54]  UDP Recv Socket Initialize Success. Port: 55557;
[20:06:54]  # Current settings:
[20:06:54]  - PortTCP: 44405;
[20:06:54]  - PortUDP: 55557;
[20:06:54]  - WriteLog: Enabled;
[20:06:54]  - ProtocolMode: 2;
[20:06:54]  - MultipleConnections: Enabled;
[20:06:54]  - MaxConnections: 1000;
[20:06:54]  - WaitTime2Omission: 2000;
[20:06:54]  # Process Info:
[20:06:54]  - Physical Memory: 6616 KByte; (Default: 6616 KByte)
[20:06:54]  - Virtual Memory: 5080 KByte; (Default: 5080 KByte)
[20:06:54]  - Work Time: 0 day(s) 00:00:00.
[21:32:26]  The program closes the user's request.
[21:32:26]  # Process Info:
[21:32:26]  - Physical Memory: 2596 KByte; (Default: 6616 KByte)
[21:32:26]  - Virtual Memory: 5196 KByte; (Default: 5080 KByte)
[21:32:26]  - Work Time: 0 day(s) 01:25:31.
[21:32:26]  [TIOCP->RemoveIOPortAndThreads]  Completion of 4 working threads IOCP system.
[21:32:26]  [TIOCP->RemoveIOPortAndThreads]  The successful closure of the handle IOCP.
[21:32:26]  Removing UDP object. In the process...
[21:32:26]  [TUDPContext->UDPThreadProc]  Thread exits: 1;
[21:32:26]  Removing object UDP completed.
[21:32:26]  ########## End of work program! ##########
