[17:06:45]  ########## Start of work program! ##########
[17:06:45]  Version: 1.0.10.1120; Build: 20.01.2012
[17:06:45]  Windows XP Professional Service Pack 3 32-bit
[17:06:45]  CrashDump System! DbgHelp.dll 5.1 or later!
[17:06:45]  CrashDump System! FolderPath: 'C:\MuServer\ConnectServer\';
[17:06:45]  CrashDump System - Successfully installed.
[17:06:45]  'BoR_Config.ini' file successfully loaded.
[17:06:45]  Protocol version: 20050502; (0.98.* - 1.05.*)
[17:06:45]  Active Servers: 2
[17:06:45]  'BoR_ServerList.dat' file successfully loaded.
[17:06:45]  Data from file 'BoR_WZ_ServerInfo.ini' load success.
[17:06:45]  TCP Recv Socket Initialize Success. Port: 44405;
[17:06:45]  Run I/O Completion Port System. (4 working threads)
[17:06:45]  UDP Recv Socket Initialize Success. Port: 55557;
[17:06:45]  # Current settings:
[17:06:45]  - PortTCP: 44405;
[17:06:45]  - PortUDP: 55557;
[17:06:45]  - WriteLog: Enabled;
[17:06:45]  - ProtocolMode: 2;
[17:06:45]  - MultipleConnections: Enabled;
[17:06:45]  - MaxConnections: 1000;
[17:06:45]  - WaitTime2Omission: 2000;
[17:06:45]  # Process Info:
[17:06:45]  - Physical Memory: 6404 KByte; (Default: 6404 KByte)
[17:06:45]  - Virtual Memory: 5060 KByte; (Default: 5060 KByte)
[17:06:45]  - Work Time: 0 day(s) 00:00:00.
[17:10:07]  The program closes the user's request.
[17:10:07]  # Process Info:
[17:10:07]  - Physical Memory: 1548 KByte; (Default: 6404 KByte)
[17:10:07]  - Virtual Memory: 5360 KByte; (Default: 5060 KByte)
[17:10:07]  - Work Time: 0 day(s) 00:03:21.
[17:10:07]  [TIOCP->RemoveIOPortAndThreads]  Completion of 4 working threads IOCP system.
[17:10:07]  [TIOCP->RemoveIOPortAndThreads]  The successful closure of the handle IOCP.
[17:10:07]  Removing UDP object. In the process...
[17:10:07]  [TUDPContext->UDPThreadProc]  Thread exits: 1;
[17:10:07]  Removing object UDP completed.
[17:10:07]  ########## End of work program! ##########
