[01:18:34]  ########## Start of work program! ##########
[01:18:34]  Version: 1.0.10.1120; Build: 20.01.2012
[01:18:34]  Windows Server 2003 Unknown Service Pack 1 64-bit
[01:18:34]  CrashDump System! DbgHelp.dll 5.1 or later!
[01:18:34]  CrashDump System! FolderPath: 'D:\MuServer\ConnectServer\';
[01:18:34]  CrashDump System - Successfully installed.
[01:18:34]  'BoR_Config.ini' file successfully loaded.
[01:18:34]  Protocol version: 20050502; (0.98.* - 1.05.*)
[01:18:34]  Active Servers: 3
[01:18:34]  'BoR_ServerList.dat' file successfully loaded.
[01:18:34]  Data from file 'BoR_WZ_ServerInfo.ini' load success.
[01:18:34]  TCP Recv Socket Initialize Success. Port: 44405;
[01:18:34]  Run I/O Completion Port System. (16 working threads)
[01:18:34]  UDP Recv Socket Initialize Success. Port: 55557;
[01:18:34]  # Current settings:
[01:18:34]  - PortTCP: 44405;
[01:18:34]  - PortUDP: 55557;
[01:18:34]  - WriteLog: Enabled;
[01:18:34]  - ProtocolMode: 2;
[01:18:34]  - MultipleConnections: Enabled;
[01:18:34]  - MaxConnections: 1000;
[01:18:34]  - WaitTime2Omission: 2000;
[01:18:34]  # Process Info:
[01:18:34]  - Physical Memory: 7536 KByte; (Default: 7536 KByte)
[01:18:34]  - Virtual Memory: 5964 KByte; (Default: 5964 KByte)
[01:18:34]  - Work Time: 0 day(s) 00:00:00.
[01:35:49]  The program closes the user's request.
[01:35:49]  # Process Info:
[01:35:49]  - Physical Memory: 1904 KByte; (Default: 7536 KByte)
[01:35:49]  - Virtual Memory: 5980 KByte; (Default: 5964 KByte)
[01:35:49]  - Work Time: 0 day(s) 00:17:15.
[01:35:51]  [TIOCP->RemoveIOPortAndThreads]  Completion of 16 working threads IOCP system.
[01:35:51]  [TIOCP->RemoveIOPortAndThreads]  The successful closure of the handle IOCP.
[01:35:51]  Removing UDP object. In the process...
[01:35:51]  [TUDPContext->UDPThreadProc]  Thread exits: 0;
[01:35:51]  Removing object UDP completed.
[01:35:51]  ########## End of work program! ##########
