[18:01:41]  ########## Start of work program! ##########
[18:01:41]  Version: 1.0.10.1120; Build: 20.01.2012
[18:01:41]  Windows Server 2003 Unknown Service Pack 1 64-bit
[18:01:41]  CrashDump System! DbgHelp.dll 5.1 or later!
[18:01:41]  CrashDump System! FolderPath: 'D:\MuServer\ConnectServer\';
[18:01:41]  CrashDump System - Successfully installed.
[18:01:41]  'BoR_Config.ini' file successfully loaded.
[18:01:41]  Protocol version: 20050502; (0.98.* - 1.05.*)
[18:01:41]  Active Servers: 3
[18:01:41]  'BoR_ServerList.dat' file successfully loaded.
[18:01:41]  Data from file 'BoR_WZ_ServerInfo.ini' load success.
[18:01:41]  TCP Recv Socket Initialize Success. Port: 44405;
[18:01:41]  Run I/O Completion Port System. (16 working threads)
[18:01:41]  UDP Recv Socket Initialize Success. Port: 55557;
[18:01:41]  # Current settings:
[18:01:41]  - PortTCP: 44405;
[18:01:41]  - PortUDP: 55557;
[18:01:41]  - WriteLog: Enabled;
[18:01:41]  - ProtocolMode: 2;
[18:01:41]  - MultipleConnections: Enabled;
[18:01:41]  - MaxConnections: 100;
[18:01:41]  - WaitTime2Omission: 200;
[18:01:41]  # Process Info:
[18:01:41]  - Physical Memory: 7444 KByte; (Default: 7444 KByte)
[18:01:41]  - Virtual Memory: 5952 KByte; (Default: 5952 KByte)
[18:01:41]  - Work Time: 0 day(s) 00:00:00.
[18:02:44]  The program closes the user's request.
[18:02:44]  # Process Info:
[18:02:44]  - Physical Memory: 1904 KByte; (Default: 7444 KByte)
[18:02:44]  - Virtual Memory: 5968 KByte; (Default: 5952 KByte)
[18:02:44]  - Work Time: 0 day(s) 00:01:03.
[18:02:46]  [TIOCP->RemoveIOPortAndThreads]  Completion of 16 working threads IOCP system.
[18:02:46]  [TIOCP->RemoveIOPortAndThreads]  The successful closure of the handle IOCP.
[18:02:46]  Removing UDP object. In the process...
[18:02:46]  [TUDPContext->UDPThreadProc]  Thread exits: 1;
[18:02:46]  Removing object UDP completed.
[18:02:46]  ########## End of work program! ##########
