[08:15:02]  ########## Start of work program! ##########
[08:15:02]  Version: 1.0.10.1120; Build: 20.01.2012
[08:15:02]  Windows Server 2003 Unknown Service Pack 1 64-bit
[08:15:02]  CrashDump System! DbgHelp.dll 5.1 or later!
[08:15:02]  CrashDump System! FolderPath: 'D:\MuServer\ConnectServer\';
[08:15:02]  CrashDump System - Successfully installed.
[08:15:02]  'BoR_Config.ini' file successfully loaded.
[08:15:02]  Protocol version: 20050502; (0.98.* - 1.05.*)
[08:15:02]  Active Servers: 3
[08:15:02]  'BoR_ServerList.dat' file successfully loaded.
[08:15:02]  Data from file 'BoR_WZ_ServerInfo.ini' load success.
[08:15:02]  TCP Recv Socket Initialize Success. Port: 44405;
[08:15:02]  Run I/O Completion Port System. (16 working threads)
[08:15:02]  UDP Recv Socket Initialize Success. Port: 55557;
[08:15:02]  # Current settings:
[08:15:02]  - PortTCP: 44405;
[08:15:02]  - PortUDP: 55557;
[08:15:02]  - WriteLog: Enabled;
[08:15:02]  - ProtocolMode: 2;
[08:15:02]  - MultipleConnections: Enabled;
[08:15:02]  - MaxConnections: 1000;
[08:15:02]  - WaitTime2Omission: 2000;
[08:15:02]  # Process Info:
[08:15:02]  - Physical Memory: 7540 KByte; (Default: 7540 KByte)
[08:15:02]  - Virtual Memory: 5956 KByte; (Default: 5956 KByte)
[08:15:02]  - Work Time: 0 day(s) 00:00:00.
[08:19:51]  The program closes the user's request.
[08:19:51]  # Process Info:
[08:19:51]  - Physical Memory: 7672 KByte; (Default: 7540 KByte)
[08:19:51]  - Virtual Memory: 5972 KByte; (Default: 5956 KByte)
[08:19:51]  - Work Time: 0 day(s) 00:04:49.
[08:19:53]  [TIOCP->RemoveIOPortAndThreads]  Completion of 16 working threads IOCP system.
[08:19:53]  [TIOCP->RemoveIOPortAndThreads]  The successful closure of the handle IOCP.
[08:19:53]  Removing UDP object. In the process...
[08:19:53]  [TUDPContext->UDPThreadProc]  Thread exits: 1;
[08:19:53]  Removing object UDP completed.
[08:19:53]  ########## End of work program! ##########
