[12:57:47]  ########## Start of work program! ##########
[12:57:47]  Version: 1.0.10.1120; Build: 20.01.2012
[12:57:47]  Windows Server 2003 Unknown Service Pack 1 64-bit
[12:57:47]  CrashDump System! DbgHelp.dll 5.1 or later!
[12:57:47]  CrashDump System! FolderPath: 'D:\MuServer\ConnectServer\';
[12:57:47]  CrashDump System - Successfully installed.
[12:57:47]  'BoR_Config.ini' file successfully loaded.
[12:57:47]  Protocol version: 20050502; (0.98.* - 1.05.*)
[12:57:47]  Active Servers: 3
[12:57:47]  'BoR_ServerList.dat' file successfully loaded.
[12:57:47]  Data from file 'BoR_WZ_ServerInfo.ini' load success.
[12:57:47]  TCP Recv Socket Initialize Success. Port: 44405;
[12:57:47]  Run I/O Completion Port System. (16 working threads)
[12:57:47]  UDP Recv Socket Initialize Success. Port: 55557;
[12:57:47]  # Current settings:
[12:57:47]  - PortTCP: 44405;
[12:57:47]  - PortUDP: 55557;
[12:57:47]  - WriteLog: Enabled;
[12:57:47]  - ProtocolMode: 2;
[12:57:47]  - MultipleConnections: Enabled;
