[01:20:58]  ########## Start of work program! ##########
[01:20:58]  Version: 1.0.10.1120; Build: 20.01.2012
[01:20:58]  Windows XP Professional Service Pack 3 32-bit
[01:20:58]  CrashDump System! DbgHelp.dll 5.1 or later!
[01:20:58]  CrashDump System! FolderPath: 'D:\MuServer6.8\ConnectServer\';
[01:20:58]  CrashDump System - Successfully installed.
[01:20:58]  'BoR_Config.ini' file successfully loaded.
[01:20:58]  Protocol version: 20050502; (0.98.* - 1.05.*)
[01:20:58]  Active Servers: 6
[01:20:58]  'BoR_ServerList.dat' file successfully loaded.
[01:20:58]  Data from file 'BoR_WZ_ServerInfo.ini' load success.
[01:20:58]  TCP Recv Socket Initialize Success. Port: 44405;
[01:20:58]  Run I/O Completion Port System. (4 working threads)
[01:20:58]  UDP Recv Socket Initialize Success. Port: 55557;
[01:20:58]  # Current settings:
[01:20:58]  - PortTCP: 44405;
[01:20:58]  - PortUDP: 55557;
[01:20:58]  - WriteLog: Enabled;
[01:20:58]  - ProtocolMode: 2;
[01:20:58]  - MultipleConnections: Enabled;
