[16:27:56]  ########## Start of work program! ##########
[16:27:56]  Version: 1.0.10.1120; Build: 20.01.2012
[16:27:56]  Windows XP Professional Service Pack 3 32-bit
[16:27:56]  CrashDump System! DbgHelp.dll 5.1 or later!
[16:27:56]  CrashDump System! FolderPath: 'D:\MuServer6.8\ConnectServer\';
[16:27:56]  CrashDump System - Successfully installed.
[16:27:56]  'BoR_Config.ini' file successfully loaded.
[16:27:56]  Protocol version: 20050502; (0.98.* - 1.05.*)
[16:27:56]  Active Servers: 6
[16:27:56]  'BoR_ServerList.dat' file successfully loaded.
[16:27:56]  Data from file 'BoR_WZ_ServerInfo.ini' load success.
[16:27:56]  TCP Recv Socket Initialize Success. Port: 44405;
[16:27:56]  Run I/O Completion Port System. (4 working threads)
[16:27:56]  UDP Recv Socket Initialize Success. Port: 55557;
[16:27:56]  # Current settings:
[16:27:56]  - PortTCP: 44405;
[16:27:56]  - PortUDP: 55557;
[16:27:56]  - WriteLog: Enabled;
[16:27:56]  - ProtocolMode: 2;
[16:27:56]  - MultipleConnections: Enabled;
[16:27:56]  - MaxConnections: 1000;
[16:27:56]  - WaitTime2Omission: 2000;
[16:27:56]  # Process Info:
[16:27:56]  - Physical Memory: 6440 KByte; (Default: 6440 KByte)
[16:27:56]  - Virtual Memory: 5072 KByte; (Default: 5072 KByte)
[16:27:56]  - Work Time: 0 day(s) 00:00:00.
[16:37:59]  The program closes the user's request.
[16:37:59]  # Process Info:
[16:37:59]  - Physical Memory: 1688 KByte; (Default: 6440 KByte)
[16:37:59]  - Virtual Memory: 5380 KByte; (Default: 5072 KByte)
[16:37:59]  - Work Time: 0 day(s) 00:10:02.
[16:37:59]  [TIOCP->RemoveIOPortAndThreads]  Completion of 4 working threads IOCP system.
[16:37:59]  [TIOCP->RemoveIOPortAndThreads]  The successful closure of the handle IOCP.
[16:37:59]  Removing UDP object. In the process...
[16:37:59]  [TUDPContext->UDPThreadProc]  Thread exits: 1;
[16:37:59]  Removing object UDP completed.
[16:37:59]  ########## End of work program! ##########
