[23:07:13]  ########## Start of work program! ##########
[23:07:13]  Version: 1.0.10.1120; Build: 20.01.2012
[23:07:13]  Windows XP Professional Service Pack 3 32-bit
[23:07:13]  CrashDump System! DbgHelp.dll 5.1 or later!
[23:07:13]  CrashDump System! FolderPath: 'D:\MuServer6.8\ConnectServer\';
[23:07:13]  CrashDump System - Successfully installed.
[23:07:13]  'BoR_Config.ini' file successfully loaded.
[23:07:13]  Protocol version: 20050502; (0.98.* - 1.05.*)
[23:07:13]  Active Servers: 6
[23:07:13]  'BoR_ServerList.dat' file successfully loaded.
[23:07:13]  Data from file 'BoR_WZ_ServerInfo.ini' load success.
[23:07:13]  TCP Recv Socket Initialize Success. Port: 44405;
[23:07:13]  Run I/O Completion Port System. (4 working threads)
[23:07:13]  UDP Recv Socket Initialize Success. Port: 55557;
[23:07:13]  # Current settings:
[23:07:13]  - PortTCP: 44405;
[23:07:13]  - PortUDP: 55557;
[23:07:13]  - WriteLog: Enabled;
[23:07:13]  - ProtocolMode: 2;
[23:07:13]  - MultipleConnections: Enabled;
