[07:29:15]  ########## Start of work program! ##########
[07:29:15]  Version: 1.0.10.1120; Build: 20.01.2012
[07:29:15]  Windows Server 2003 Unknown Service Pack 1 64-bit
[07:29:15]  CrashDump System! DbgHelp.dll 5.1 or later!
[07:29:15]  CrashDump System! FolderPath: 'D:\MuServer\ConnectServer\';
[07:29:15]  CrashDump System - Successfully installed.
[07:29:15]  'BoR_Config.ini' file successfully loaded.
[07:29:15]  Protocol version: 20050502; (0.98.* - 1.05.*)
[07:29:15]  Active Servers: 3
[07:29:15]  'BoR_ServerList.dat' file successfully loaded.
[07:29:15]  Data from file 'BoR_WZ_ServerInfo.ini' load success.
[07:29:15]  TCP Recv Socket Initialize Success. Port: 44405;
[07:29:15]  Run I/O Completion Port System. (16 working threads)
[07:29:15]  UDP Recv Socket Initialize Success. Port: 55557;
[07:29:15]  # Current settings:
[07:29:15]  - PortTCP: 44405;
[07:29:15]  - PortUDP: 55557;
[07:29:15]  - WriteLog: Enabled;
[07:29:15]  - ProtocolMode: 2;
[07:29:15]  - MultipleConnections: Enabled;
[07:29:15]  - MaxConnections: 1000;
[07:29:15]  - WaitTime2Omission: 2000;
[07:29:15]  # Process Info:
[07:29:15]  - Physical Memory: 7508 KByte; (Default: 7508 KByte)
[07:29:15]  - Virtual Memory: 5964 KByte; (Default: 5964 KByte)
[07:29:15]  - Work Time: 0 day(s) 00:00:00.
[07:29:56]  The program closes the user's request.
[07:29:56]  # Process Info:
[07:29:56]  - Physical Memory: 1656 KByte; (Default: 7508 KByte)
[07:29:56]  - Virtual Memory: 5980 KByte; (Default: 5964 KByte)
[07:29:56]  - Work Time: 0 day(s) 00:00:41.
[07:29:58]  [TIOCP->RemoveIOPortAndThreads]  Completion of 16 working threads IOCP system.
[07:29:58]  [TIOCP->RemoveIOPortAndThreads]  The successful closure of the handle IOCP.
[07:29:58]  Removing UDP object. In the process...
[07:29:58]  [TUDPContext->UDPThreadProc]  Thread exits: 1;
[07:29:58]  Removing object UDP completed.
[07:29:58]  ########## End of work program! ##########
