[23:24:38]  ########## Start of work program! ##########
[23:24:38]  Version: 1.0.10.1120; Build: 20.01.2012
[23:24:38]  Windows Server 2003 Unknown Service Pack 1 64-bit
[23:24:38]  CrashDump System! DbgHelp.dll 5.1 or later!
[23:24:38]  CrashDump System! FolderPath: 'D:\MuServer\ConnectServer\';
[23:24:38]  CrashDump System - Successfully installed.
[23:24:38]  'BoR_Config.ini' file successfully loaded.
[23:24:38]  Protocol version: 20050502; (0.98.* - 1.05.*)
[23:24:38]  Active Servers: 3
[23:24:38]  'BoR_ServerList.dat' file successfully loaded.
[23:24:38]  Data from file 'BoR_WZ_ServerInfo.ini' load success.
[23:24:38]  TCP Recv Socket Initialize Success. Port: 44405;
[23:24:38]  Run I/O Completion Port System. (16 working threads)
[23:24:38]  UDP Recv Socket Initialize Success. Port: 55557;
[23:24:38]  # Current settings:
[23:24:38]  - PortTCP: 44405;
[23:24:38]  - PortUDP: 55557;
[23:24:38]  - WriteLog: Enabled;
[23:24:38]  - ProtocolMode: 2;
[23:24:38]  - MultipleConnections: Enabled;
[23:24:38]  - MaxConnections: 1000;
[23:24:38]  - WaitTime2Omission: 2000;
[23:24:38]  # Process Info:
[23:24:38]  - Physical Memory: 7544 KByte; (Default: 7544 KByte)
[23:24:38]  - Virtual Memory: 5968 KByte; (Default: 5968 KByte)
[23:24:38]  - Work Time: 0 day(s) 00:00:00.
[23:28:03]  The program closes the user's request.
[23:28:03]  # Process Info:
[23:28:03]  - Physical Memory: 1820 KByte; (Default: 7544 KByte)
[23:28:03]  - Virtual Memory: 5984 KByte; (Default: 5968 KByte)
[23:28:03]  - Work Time: 0 day(s) 00:03:25.
[23:28:04]  [TIOCP->RemoveIOPortAndThreads]  Completion of 16 working threads IOCP system.
[23:28:04]  [TIOCP->RemoveIOPortAndThreads]  The successful closure of the handle IOCP.
[23:28:04]  Removing UDP object. In the process...
[23:28:04]  [TUDPContext->UDPThreadProc]  Thread exits: 2;
[23:28:04]  Removing object UDP completed.
[23:28:04]  ########## End of work program! ##########
