[02:25:24]  ########## Start of work program! ##########
[02:25:24]  Version: 1.0.10.1120; Build: 20.01.2012
[02:25:24]  Windows Server 2003 Unknown Service Pack 1 64-bit
[02:25:24]  CrashDump System! DbgHelp.dll 5.1 or later!
[02:25:24]  CrashDump System! FolderPath: 'D:\MuServer\ConnectServer\';
[02:25:24]  CrashDump System - Successfully installed.
[02:25:24]  'BoR_Config.ini' file successfully loaded.
[02:25:24]  Protocol version: 20050502; (0.98.* - 1.05.*)
[02:25:24]  Active Servers: 3
[02:25:24]  'BoR_ServerList.dat' file successfully loaded.
[02:25:24]  Data from file 'BoR_WZ_ServerInfo.ini' load success.
[02:25:24]  TCP Recv Socket Initialize Success. Port: 44405;
[02:25:24]  Run I/O Completion Port System. (16 working threads)
[02:25:24]  UDP Recv Socket Initialize Success. Port: 55557;
[02:25:24]  # Current settings:
[02:25:24]  - PortTCP: 44405;
[02:25:24]  - PortUDP: 55557;
[02:25:24]  - WriteLog: Enabled;
[02:25:24]  - ProtocolMode: 2;
[02:25:24]  - MultipleConnections: Enabled;
