[01:29:14]  ########## Start of work program! ##########
[01:29:14]  Version: 1.0.10.1120; Build: 20.01.2012
[01:29:14]  Windows Server 2003 Unknown Service Pack 1 64-bit
[01:29:14]  CrashDump System! DbgHelp.dll 5.1 or later!
[01:29:14]  CrashDump System! FolderPath: 'D:\MuServer\ConnectServer\';
[01:29:14]  CrashDump System - Successfully installed.
[01:29:14]  'BoR_Config.ini' file successfully loaded.
[01:29:14]  Protocol version: 20050502; (0.98.* - 1.05.*)
[01:29:14]  Active Servers: 3
[01:29:14]  'BoR_ServerList.dat' file successfully loaded.
[01:29:14]  Data from file 'BoR_WZ_ServerInfo.ini' load success.
[01:29:14]  TCP Recv Socket Initialize Success. Port: 44405;
[01:29:14]  Run I/O Completion Port System. (16 working threads)
[01:29:14]  UDP Recv Socket Initialize Success. Port: 55557;
[01:29:14]  # Current settings:
[01:29:14]  - PortTCP: 44405;
[01:29:14]  - PortUDP: 55557;
[01:29:14]  - WriteLog: Enabled;
[01:29:14]  - ProtocolMode: 2;
[01:29:14]  - MultipleConnections: Enabled;
[01:29:14]  - MaxConnections: 1000;
[01:29:14]  - WaitTime2Omission: 2000;
[01:29:14]  # Process Info:
[01:29:14]  - Physical Memory: 7596 KByte; (Default: 7596 KByte)
[01:29:14]  - Virtual Memory: 5964 KByte; (Default: 5964 KByte)
[01:29:14]  - Work Time: 0 day(s) 00:00:00.
[01:35:44]  The program closes the user's request.
[01:35:44]  # Process Info:
[01:35:44]  - Physical Memory: 1924 KByte; (Default: 7596 KByte)
[01:35:44]  - Virtual Memory: 5980 KByte; (Default: 5964 KByte)
[01:35:44]  - Work Time: 0 day(s) 00:06:29.
[01:35:46]  [TIOCP->RemoveIOPortAndThreads]  Completion of 16 working threads IOCP system.
[01:35:46]  [TIOCP->RemoveIOPortAndThreads]  The successful closure of the handle IOCP.
[01:35:46]  Removing UDP object. In the process...
[01:35:46]  [TUDPContext->UDPThreadProc]  Thread exits: 1;
[01:35:46]  Removing object UDP completed.
[01:35:46]  ########## End of work program! ##########
