[21:43:37]  ########## Start of work program! ##########
[21:43:37]  Version: 1.0.10.1120; Build: 20.01.2012
[21:43:37]  Windows Server 2003 Unknown Service Pack 1 64-bit
[21:43:37]  CrashDump System! DbgHelp.dll 5.1 or later!
[21:43:37]  CrashDump System! FolderPath: 'D:\MuServer\ConnectServer\';
[21:43:37]  CrashDump System - Successfully installed.
[21:43:37]  'BoR_Config.ini' file successfully loaded.
[21:43:37]  Protocol version: 20050502; (0.98.* - 1.05.*)
[21:43:37]  Active Servers: 3
[21:43:37]  'BoR_ServerList.dat' file successfully loaded.
[21:43:37]  Data from file 'BoR_WZ_ServerInfo.ini' load success.
[21:43:37]  TCP Recv Socket Initialize Success. Port: 44405;
[21:43:37]  Run I/O Completion Port System. (16 working threads)
[21:43:37]  UDP Recv Socket Initialize Success. Port: 55557;
[21:43:37]  # Current settings:
[21:43:37]  - PortTCP: 44405;
[21:43:37]  - PortUDP: 55557;
[21:43:37]  - WriteLog: Enabled;
[21:43:37]  - ProtocolMode: 2;
[21:43:37]  - MultipleConnections: Enabled;
[21:43:37]  - MaxConnections: 1000;
[21:43:37]  - WaitTime2Omission: 2000;
[21:43:37]  # Process Info:
[21:43:37]  - Physical Memory: 7572 KByte; (Default: 7572 KByte)
[21:43:37]  - Virtual Memory: 5964 KByte; (Default: 5964 KByte)
[21:43:37]  - Work Time: 0 day(s) 00:00:00.
[21:48:53]  The program closes the user's request.
[21:48:53]  # Process Info:
[21:48:53]  - Physical Memory: 1952 KByte; (Default: 7572 KByte)
[21:48:53]  - Virtual Memory: 5980 KByte; (Default: 5964 KByte)
[21:48:53]  - Work Time: 0 day(s) 00:05:15.
[21:48:54]  [TIOCP->RemoveIOPortAndThreads]  Completion of 16 working threads IOCP system.
[21:48:54]  [TIOCP->RemoveIOPortAndThreads]  The successful closure of the handle IOCP.
[21:48:54]  Removing UDP object. In the process...
[21:48:54]  [TUDPContext->UDPThreadProc]  Thread exits: 1;
[21:48:54]  Removing object UDP completed.
[21:48:54]  ########## End of work program! ##########
