[01:36:05]  ########## Start of work program! ##########
[01:36:05]  Version: 1.0.10.1120; Build: 20.01.2012
[01:36:05]  Windows Server 2003 Unknown Service Pack 1 64-bit
[01:36:05]  CrashDump System! DbgHelp.dll 5.1 or later!
[01:36:05]  CrashDump System! FolderPath: 'D:\MuServer\ConnectServer\';
[01:36:05]  CrashDump System - Successfully installed.
[01:36:05]  'BoR_Config.ini' file successfully loaded.
[01:36:05]  Protocol version: 20050502; (0.98.* - 1.05.*)
[01:36:05]  Active Servers: 3
[01:36:05]  'BoR_ServerList.dat' file successfully loaded.
[01:36:05]  Data from file 'BoR_WZ_ServerInfo.ini' load success.
[01:36:05]  TCP Recv Socket Initialize Success. Port: 44405;
[01:36:05]  Run I/O Completion Port System. (16 working threads)
[01:36:05]  UDP Recv Socket Initialize Success. Port: 55557;
[01:36:05]  # Current settings:
[01:36:05]  - PortTCP: 44405;
[01:36:05]  - PortUDP: 55557;
[01:36:05]  - WriteLog: Enabled;
[01:36:05]  - ProtocolMode: 2;
[01:36:05]  - MultipleConnections: Enabled;
[01:36:05]  - MaxConnections: 1000;
[01:36:05]  - WaitTime2Omission: 2000;
[01:36:05]  # Process Info:
[01:36:05]  - Physical Memory: 7572 KByte; (Default: 7572 KByte)
[01:36:05]  - Virtual Memory: 5964 KByte; (Default: 5964 KByte)
[01:36:05]  - Work Time: 0 day(s) 00:00:00.
[01:37:48]  The program closes the user's request.
[01:37:48]  # Process Info:
[01:37:48]  - Physical Memory: 1844 KByte; (Default: 7572 KByte)
[01:37:48]  - Virtual Memory: 5980 KByte; (Default: 5964 KByte)
[01:37:48]  - Work Time: 0 day(s) 00:01:43.
[01:37:50]  [TIOCP->RemoveIOPortAndThreads]  Completion of 16 working threads IOCP system.
[01:37:50]  [TIOCP->RemoveIOPortAndThreads]  The successful closure of the handle IOCP.
[01:37:50]  Removing UDP object. In the process...
[01:37:50]  [TUDPContext->UDPThreadProc]  Thread exits: 1;
[01:37:50]  Removing object UDP completed.
[01:37:50]  ########## End of work program! ##########
