[00:28:27]  ########## Start of work program! ##########
[00:28:27]  Version: 1.0.10.1120; Build: 20.01.2012
[00:28:27]  Windows Server 2003 Unknown Service Pack 1 64-bit
[00:28:27]  CrashDump System! DbgHelp.dll 5.1 or later!
[00:28:27]  CrashDump System! FolderPath: 'D:\MuServer\ConnectServer\';
[00:28:27]  CrashDump System - Successfully installed.
[00:28:27]  'BoR_Config.ini' file successfully loaded.
[00:28:27]  Protocol version: 20050502; (0.98.* - 1.05.*)
[00:28:27]  Active Servers: 3
[00:28:27]  'BoR_ServerList.dat' file successfully loaded.
[00:28:27]  Data from file 'BoR_WZ_ServerInfo.ini' load success.
[00:28:27]  TCP Recv Socket Initialize Success. Port: 44405;
[00:28:27]  Run I/O Completion Port System. (16 working threads)
[00:28:27]  UDP Recv Socket Initialize Success. Port: 55557;
[00:28:27]  # Current settings:
[00:28:27]  - PortTCP: 44405;
[00:28:27]  - PortUDP: 55557;
[00:28:27]  - WriteLog: Enabled;
[00:28:27]  - ProtocolMode: 2;
[00:28:27]  - MultipleConnections: Enabled;
[00:28:27]  - MaxConnections: 1000;
[00:28:27]  - WaitTime2Omission: 2000;
[00:28:27]  # Process Info:
[00:28:27]  - Physical Memory: 7532 KByte; (Default: 7532 KByte)
[00:28:27]  - Virtual Memory: 5956 KByte; (Default: 5956 KByte)
[00:28:27]  - Work Time: 0 day(s) 00:00:00.
[00:29:39]  The program closes the user's request.
[00:29:39]  # Process Info:
[00:29:39]  - Physical Memory: 7668 KByte; (Default: 7532 KByte)
[00:29:39]  - Virtual Memory: 5972 KByte; (Default: 5956 KByte)
[00:29:39]  - Work Time: 0 day(s) 00:01:12.
[00:29:41]  [TIOCP->RemoveIOPortAndThreads]  Completion of 16 working threads IOCP system.
[00:29:41]  [TIOCP->RemoveIOPortAndThreads]  The successful closure of the handle IOCP.
[00:29:41]  Removing UDP object. In the process...
[00:29:41]  [TUDPContext->UDPThreadProc]  Thread exits: 1;
[00:29:41]  Removing object UDP completed.
[00:29:41]  ########## End of work program! ##########
