[03:18:26]  ########## Start of work program! ##########
[03:18:26]  Version: 1.0.10.1120; Build: 20.01.2012
[03:18:26]  Windows Server 2003 Unknown Service Pack 1 64-bit
[03:18:26]  CrashDump System! DbgHelp.dll 5.1 or later!
[03:18:26]  CrashDump System! FolderPath: 'D:\MuServer\ConnectServer\';
[03:18:26]  CrashDump System - Successfully installed.
[03:18:26]  'BoR_Config.ini' file successfully loaded.
[03:18:26]  Protocol version: 20050502; (0.98.* - 1.05.*)
[03:18:26]  Active Servers: 3
[03:18:26]  'BoR_ServerList.dat' file successfully loaded.
[03:18:26]  Data from file 'BoR_WZ_ServerInfo.ini' load success.
[03:18:26]  TCP Recv Socket Initialize Success. Port: 44405;
[03:18:26]  Run I/O Completion Port System. (16 working threads)
[03:18:26]  UDP Recv Socket Initialize Success. Port: 55557;
[03:18:26]  # Current settings:
[03:18:26]  - PortTCP: 44405;
[03:18:26]  - PortUDP: 55557;
[03:18:26]  - WriteLog: Enabled;
[03:18:26]  - ProtocolMode: 2;
[03:18:26]  - MultipleConnections: Enabled;
[03:18:26]  - MaxConnections: 1000;
[03:18:26]  - WaitTime2Omission: 2000;
[03:18:26]  # Process Info:
[03:18:26]  - Physical Memory: 7524 KByte; (Default: 7524 KByte)
[03:18:26]  - Virtual Memory: 5960 KByte; (Default: 5960 KByte)
[03:18:26]  - Work Time: 0 day(s) 00:00:00.
[04:30:30]  The program closes the user's request.
[04:30:30]  # Process Info:
[04:30:30]  - Physical Memory: 2160 KByte; (Default: 7524 KByte)
[04:30:30]  - Virtual Memory: 5972 KByte; (Default: 5960 KByte)
[04:30:30]  - Work Time: 0 day(s) 01:12:03.
[04:30:32]  [TIOCP->RemoveIOPortAndThreads]  Completion of 16 working threads IOCP system.
[04:30:32]  [TIOCP->RemoveIOPortAndThreads]  The successful closure of the handle IOCP.
[04:30:32]  Removing UDP object. In the process...
[04:30:32]  [TUDPContext->UDPThreadProc]  Thread exits: 0;
[04:30:32]  Removing object UDP completed.
[04:30:32]  ########## End of work program! ##########
