[23:28:09]  ########## Start of work program! ##########
[23:28:09]  Version: 1.0.10.1120; Build: 20.01.2012
[23:28:09]  Windows Server 2003 Unknown Service Pack 1 64-bit
[23:28:09]  CrashDump System! DbgHelp.dll 5.1 or later!
[23:28:09]  CrashDump System! FolderPath: 'D:\MuServer\ConnectServer\';
[23:28:09]  CrashDump System - Successfully installed.
[23:28:09]  'BoR_Config.ini' file successfully loaded.
[23:28:09]  Protocol version: 20050502; (0.98.* - 1.05.*)
[23:28:09]  Active Servers: 3
[23:28:09]  'BoR_ServerList.dat' file successfully loaded.
[23:28:09]  Data from file 'BoR_WZ_ServerInfo.ini' load success.
[23:28:09]  TCP Recv Socket Initialize Success. Port: 44405;
[23:28:09]  Run I/O Completion Port System. (16 working threads)
[23:28:09]  UDP Recv Socket Initialize Success. Port: 55557;
[23:28:09]  # Current settings:
[23:28:09]  - PortTCP: 44405;
[23:28:09]  - PortUDP: 55557;
[23:28:09]  - WriteLog: Enabled;
[23:28:09]  - ProtocolMode: 2;
[23:28:09]  - MultipleConnections: Enabled;
[23:28:09]  - MaxConnections: 1000;
[23:28:09]  - WaitTime2Omission: 2000;
[23:28:09]  # Process Info:
[23:28:09]  - Physical Memory: 7568 KByte; (Default: 7568 KByte)
[23:28:09]  - Virtual Memory: 5960 KByte; (Default: 5960 KByte)
[23:28:09]  - Work Time: 0 day(s) 00:00:00.
[23:28:47]  The program closes the user's request.
[23:28:47]  # Process Info:
[23:28:47]  - Physical Memory: 1844 KByte; (Default: 7568 KByte)
[23:28:47]  - Virtual Memory: 5976 KByte; (Default: 5960 KByte)
[23:28:47]  - Work Time: 0 day(s) 00:00:38.
[23:28:49]  [TIOCP->RemoveIOPortAndThreads]  Completion of 16 working threads IOCP system.
[23:28:49]  [TIOCP->RemoveIOPortAndThreads]  The successful closure of the handle IOCP.
[23:28:49]  Removing UDP object. In the process...
[23:28:49]  [TUDPContext->UDPThreadProc]  Thread exits: 1;
[23:28:49]  Removing object UDP completed.
[23:28:49]  ########## End of work program! ##########
