[11:42:58]  ########## Start of work program! ##########
[11:42:58]  Version: 1.0.10.1120; Build: 20.01.2012
[11:42:58]  Windows XP Professional Service Pack 3 32-bit
[11:42:58]  CrashDump System! DbgHelp.dll 5.1 or later!
[11:42:58]  CrashDump System! FolderPath: 'D:\MuServer6.8\ConnectServer\';
[11:42:58]  CrashDump System - Successfully installed.
[11:42:58]  'BoR_Config.ini' file successfully loaded.
[11:42:58]  Protocol version: 20050502; (0.98.* - 1.05.*)
[11:42:58]  Active Servers: 6
[11:42:58]  'BoR_ServerList.dat' file successfully loaded.
[11:42:58]  Data from file 'BoR_WZ_ServerInfo.ini' load success.
[11:42:58]  TCP Recv Socket Initialize Success. Port: 44405;
[11:42:58]  Run I/O Completion Port System. (4 working threads)
[11:42:58]  UDP Recv Socket Initialize Success. Port: 55557;
[11:42:58]  # Current settings:
[11:42:58]  - PortTCP: 44405;
[11:42:58]  - PortUDP: 55557;
[11:42:58]  - WriteLog: Enabled;
[11:42:58]  - ProtocolMode: 2;
[11:42:58]  - MultipleConnections: Enabled;
[11:42:58]  - MaxConnections: 1000;
[11:42:58]  - WaitTime2Omission: 2000;
[11:42:58]  # Process Info:
[11:42:58]  - Physical Memory: 6348 KByte; (Default: 6348 KByte)
[11:42:58]  - Virtual Memory: 5072 KByte; (Default: 5072 KByte)
[11:42:58]  - Work Time: 0 day(s) 00:00:00.
[11:47:47]  The program closes the user's request.
[11:47:47]  # Process Info:
[11:47:47]  - Physical Memory: 1708 KByte; (Default: 6348 KByte)
[11:47:47]  - Virtual Memory: 5380 KByte; (Default: 5072 KByte)
[11:47:47]  - Work Time: 0 day(s) 00:04:48.
[11:47:47]  [TIOCP->RemoveIOPortAndThreads]  Completion of 4 working threads IOCP system.
[11:47:47]  [TIOCP->RemoveIOPortAndThreads]  The successful closure of the handle IOCP.
[11:47:47]  Removing UDP object. In the process...
[11:47:47]  [TUDPContext->UDPThreadProc]  Thread exits: 0;
[11:47:47]  Removing object UDP completed.
[11:47:47]  ########## End of work program! ##########
