[16:03:16]  ########## Start of work program! ##########
[16:03:16]  Version: 1.0.10.1120; Build: 20.01.2012
[16:03:16]  Windows XP Professional Service Pack 3 32-bit
[16:03:16]  CrashDump System! DbgHelp.dll 5.1 or later!
[16:03:16]  CrashDump System! FolderPath: 'D:\museason6.8\MuServer6.8\ConnectServer\';
[16:03:16]  CrashDump System - Successfully installed.
[16:03:16]  'BoR_Config.ini' file successfully loaded.
[16:03:16]  Protocol version: 20050502; (0.98.* - 1.05.*)
[16:03:16]  Active Servers: 6
[16:03:16]  'BoR_ServerList.dat' file successfully loaded.
[16:03:16]  Data from file 'BoR_WZ_ServerInfo.ini' load success.
[16:03:16]  TCP Recv Socket Initialize Success. Port: 44405;
[16:03:16]  Run I/O Completion Port System. (4 working threads)
[16:03:16]  UDP Recv Socket Initialize Success. Port: 55557;
[16:03:16]  # Current settings:
[16:03:16]  - PortTCP: 44405;
[16:03:16]  - PortUDP: 55557;
[16:03:16]  - WriteLog: Enabled;
[16:03:16]  - ProtocolMode: 2;
[16:03:16]  - MultipleConnections: Enabled;
