[04:45:35]  ########## Start of work program! ##########
[04:45:35]  Version: 1.0.10.1120; Build: 20.01.2012
[04:45:35]  Windows Server 2003 Unknown Service Pack 1 64-bit
[04:45:35]  CrashDump System! DbgHelp.dll 5.1 or later!
[04:45:35]  CrashDump System! FolderPath: 'D:\MuServer\ConnectServer\';
[04:45:35]  CrashDump System - Successfully installed.
[04:45:35]  'BoR_Config.ini' file successfully loaded.
[04:45:35]  Protocol version: 20050502; (0.98.* - 1.05.*)
[04:45:35]  Active Servers: 4
[04:45:35]  'BoR_ServerList.dat' file successfully loaded.
[04:45:35]  Data from file 'BoR_WZ_ServerInfo.ini' load success.
[04:45:35]  TCP Recv Socket Initialize Success. Port: 44405;
[04:45:35]  Run I/O Completion Port System. (16 working threads)
[04:45:35]  UDP Recv Socket Initialize Success. Port: 55557;
[04:45:35]  # Current settings:
[04:45:35]  - PortTCP: 44405;
[04:45:35]  - PortUDP: 55557;
[04:45:35]  - WriteLog: Enabled;
[04:45:35]  - ProtocolMode: 2;
[04:45:35]  - MultipleConnections: Enabled;
[04:45:35]  - MaxConnections: 1000;
[04:45:35]  - WaitTime2Omission: 2000;
[04:45:35]  # Process Info:
[04:45:35]  - Physical Memory: 7712 KByte; (Default: 7712 KByte)
[04:45:35]  - Virtual Memory: 5964 KByte; (Default: 5964 KByte)
[04:45:35]  - Work Time: 0 day(s) 00:00:00.
[04:48:58]  Protocol version: 20050502; (0.98.* - 1.05.*)
[04:48:58]  Active Servers: 4
[04:48:58]  'BoR_ServerList.dat' file successfully loaded.
[05:27:05]  The program closes the user's request.
[05:27:05]  # Process Info:
[05:27:05]  - Physical Memory: 2096 KByte; (Default: 7712 KByte)
[05:27:05]  - Virtual Memory: 5984 KByte; (Default: 5964 KByte)
[05:27:05]  - Work Time: 0 day(s) 00:41:30.
[05:27:07]  [TIOCP->RemoveIOPortAndThreads]  Completion of 16 working threads IOCP system.
[05:27:07]  [TIOCP->RemoveIOPortAndThreads]  The successful closure of the handle IOCP.
[05:27:07]  Removing UDP object. In the process...
[05:27:07]  [TUDPContext->UDPThreadProc]  Thread exits: 1;
[05:27:07]  Removing object UDP completed.
[05:27:07]  ########## End of work program! ##########
