1234|1234 đã mua Talisman of Chaos Assembly (Serial: 38096) giá 5.000 V.Point|697_9697598|697_9692598|11:48PM, 09/01/2017|
bqngoc|bqngoc đã mua Chaos Card (Serial: 38086) giá 3.000 V.Point|694379_241191325|694379_241188325|11:19PM, 09/01/2017|
bqngoc|bqngoc đã mua Chaos (Serial: 38085) giá 1.000 V.Point|694379_241192325|694379_241191325|11:19PM, 09/01/2017|
1234|1234 đã mua Pet Xương Rồng (Serial: 37667) giá 1.600 V.Point|7097_8874995502|7097_8874993902|04:44PM, 26/12/2016|
1234|1234 đã mua Talisman of Chaos Assembly (Serial: 37668) giá 5.000 V.Point|7097_8874993902|7097_8874988902|04:44PM, 26/12/2016|
1234|1234 đã mua Pet Nữ Thần Hộ Mệnh (Serial: 37681) giá 1.000 V.Point|7097_8873903902|7097_8873902902|04:49PM, 26/12/2016|
1234|1234 đã mua Lông Vũ (Serial: 37682) giá 1.000 V.Point|7097_8873902902|7097_8873901902|04:50PM, 26/12/2016|
1234|1234 đã mua Pet Tuần Lộc (Serial: 37683) giá 1.000 V.Point|7097_8873901902|7097_8873900902|04:50PM, 26/12/2016|
1234|1234 đã mua Flame of Condor (Serial: 37684) giá 24.000 V.Point|7097_8873900902|7097_8873876902|04:50PM, 26/12/2016|
1234|1234 đã mua Pet Đại Quỷ (Serial: 37685) giá 1.600 V.Point|7097_8873876902|7097_8873875302|04:50PM, 26/12/2016|
1234|1234 đã mua Dark Horse (Serial: 37686) giá 6.000 V.Point|7097_8873875302|7097_8873869302|04:50PM, 26/12/2016|
1234|1234 đã mua Lông Vũ (Serial: 37687) giá 1.000 V.Point|7097_8873869302|7097_8873868302|04:50PM, 26/12/2016|
1234|1234 đã mua Lông Vũ (Serial: 37763) giá 1.000 V.Point|7097_8869694502|7097_8869693502|05:28PM, 26/12/2016|
1234|1234 đã mua 30 Ngọc Tâm Linh (Serial: 37764) giá 18.000 V.Point|7097_8869693502|7097_8869675502|05:29PM, 26/12/2016|
1234|1234 đã mua Pet Panda (Serial: 37766) giá 5.000 V.Point|7097_8869575502|7097_8869570502|05:29PM, 26/12/2016|
1234|1234 đã mua Flame of Condor (Serial: 37768) giá 24.000 V.Point|7097_8869420502|7097_8869396502|05:30PM, 26/12/2016|
1234|1234 đã mua Lông Vũ (Serial: 37795) giá 1.000 V.Point|7097_8869396502|7097_8869395502|06:00PM, 26/12/2016|
1234|1234 đã mua Pet Đại Quỷ (Serial: 37796) giá 1.600 V.Point|7097_8869395502|7097_8869393902|06:01PM, 26/12/2016|
1234|1234 đã mua Flame of Condor (Serial: 37797) giá 24.000 V.Point|7097_8869393902|7097_8869369902|06:01PM, 26/12/2016|
1234|1234 đã mua Flame of Condor (Serial: 37800) giá 24.000 V.Point|7097_8869369902|7097_8869345902|06:07PM, 26/12/2016|
1234|1234 đã mua Lông Vũ (Serial: 37802) giá 1.000 V.Point|7097_8869345902|7097_8869344902|06:08PM, 26/12/2016|
1234|1234 đã mua Pet Panda (Serial: 37803) giá 5.000 V.Point|7097_8869344902|7097_8869339902|06:08PM, 26/12/2016|
1234|1234 đã mua Pet Xương Rồng (Serial: 37858) giá 1.600 V.Point|7097_8866492502|7097_8866490902|09:49AM, 27/12/2016|
1234|1234 đã mua Chaos Card (Serial: 37859) giá 3.000 V.Point|7097_8866490902|7097_8866487902|09:50AM, 27/12/2016|
1234|1234 đã mua Chaos Card (Serial: 37860) giá 3.000 V.Point|7097_8866487902|7097_8866484902|09:52AM, 27/12/2016|
1234|1234 đã mua Chaos Card (Serial: 37861) giá 3.000 V.Point|7097_8866484902|7097_8866481902|09:53AM, 27/12/2016|
1234|1234 đã mua Chaos Card (Serial: 37862) giá 3.000 V.Point|7097_8866481902|7097_8866478902|09:54AM, 27/12/2016|
1234|1234 đã mua Pet Xương Rồng (Serial: 37863) giá 1.600 V.Point|7097_8866478902|7097_8866477302|09:55AM, 27/12/2016|
1234|1234 đã mua Pet Nữ Thần Hộ Mệnh (Serial: 37864) giá 1.000 V.Point|7097_8866477302|7097_8866476302|09:57AM, 27/12/2016|
1234|1234 đã mua Talisman of Chaos Assembly (Serial: 37865) giá 5.000 V.Point|7097_8866476302|7097_8866471302|10:00AM, 27/12/2016|
1234|1234 đã mua Talisman of Chaos Assembly (Serial: 37866) giá 5.000 V.Point|7097_8866471302|7097_8866466302|10:00AM, 27/12/2016|
1234|1234 đã mua Talisman of Chaos Assembly (Serial: 37867) giá 5.000 V.Point|7097_8866466302|7097_8866461302|10:02AM, 27/12/2016|
