1234|1234 đã mua Storm Wings (Serial: 38093) giá 150.000 V.Point|697_2620768501|697_2620618501|11:34PM, 09/01/2017|
1234|1234 đã mua Wing Of Dimension (Serial: 38092) giá 150.000 V.Point|697_2620918501|697_2620768501|11:34PM, 09/01/2017|
1234|1234 đã mua Wing Of Dimension (Serial: 37960) giá 150.000 V.Point|697_262241850|697_262091850|11:25AM, 06/01/2017|
bqngoc|bqngoc đã mua Wing Of Dimension (Serial: ) giá 150.000 V.Point|694379_894199|694379_744199|01:19PM, 22/12/2016|
1234|1234 đã mua Illusion Wings (Serial: 37479) giá 150.000 V.Point|7097_8881025502|7097_8880875502|12:53PM, 26/12/2016|
1234|1234 đã mua Storm Wings (Serial: 37480) giá 150.000 V.Point|7097_8880875502|7097_8880725502|12:54PM, 26/12/2016|
1234|1234 đã mua SpaceTime Wing (Serial: 37481) giá 150.000 V.Point|7097_8880725502|7097_8880575502|12:55PM, 26/12/2016|
1234|1234 đã mua DownCast Wings (Serial: 37482) giá 150.000 V.Point|7097_8880575502|7097_8880425502|12:56PM, 26/12/2016|
1234|1234 đã mua Illusion Wings (Serial: 37568) giá 150.000 V.Point|7097_8877295502|7097_8877145502|02:22PM, 26/12/2016|
1234|1234 đã mua Wing of Despair (Serial: 37595) giá 95.000 V.Point|7097_8876190502|7097_8876095502|03:23PM, 26/12/2016|
1234|1234 đã mua Mantle Lord (Serial: 37670) giá 150.000 V.Point|7097_8874928902|7097_8874778902|04:45PM, 26/12/2016|
1234|1234 đã mua Cánh Linh Hồn (Serial: 37671) giá 80.000 V.Point|7097_8874778902|7097_8874698902|04:45PM, 26/12/2016|
1234|1234 đã mua Cánh Linh Hồn (Serial: 37672) giá 80.000 V.Point|7097_8874698902|7097_8874618902|04:47PM, 26/12/2016|
1234|1234 đã mua Storm Wings (Serial: 37673) giá 150.000 V.Point|7097_8874618902|7097_8874468902|04:47PM, 26/12/2016|
1234|1234 đã mua Wing of Despair (Serial: 37674) giá 95.000 V.Point|7097_8874468902|7097_8874373902|04:47PM, 26/12/2016|
1234|1234 đã mua Cánh Bóng Đêm (Serial: 37675) giá 80.000 V.Point|7097_8874373902|7097_8874293902|04:48PM, 26/12/2016|
1234|1234 đã mua Wing Of Dimension (Serial: 37676) giá 150.000 V.Point|7097_8874293902|7097_8874143902|04:48PM, 26/12/2016|
1234|1234 đã mua Storm Wings (Serial: 37716) giá 150.000 V.Point|7097_8872358302|7097_8872208302|05:01PM, 26/12/2016|
1234|1234 đã mua Storm Wings (Serial: 37722) giá 150.000 V.Point|7097_8872208302|7097_8872058302|05:11PM, 26/12/2016|
1234|1234 đã mua Illusion Wings (Serial: 37723) giá 150.000 V.Point|7097_8872058302|7097_8871908302|05:12PM, 26/12/2016|
1234|1234 đã mua Wing Of Dimension (Serial: 37724) giá 150.000 V.Point|7097_8871908302|7097_8871758302|05:12PM, 26/12/2016|
1234|1234 đã mua Mantle Lord (Serial: 37749) giá 150.000 V.Point|7097_8870915502|7097_8870765502|05:16PM, 26/12/2016|
1234|1234 đã mua Storm Wings (Serial: 37750) giá 150.000 V.Point|7097_8870765502|7097_8870615502|05:17PM, 26/12/2016|
1234|1234 đã mua Storm Wings (Serial: 37752) giá 150.000 V.Point|7097_8870615502|7097_8870465502|05:21PM, 26/12/2016|
1234|1234 đã mua SpaceTime Wing (Serial: 37753) giá 150.000 V.Point|7097_8870465502|7097_8870315502|05:21PM, 26/12/2016|
1234|1234 đã mua Cánh Linh Hồn (Serial: 37754) giá 80.000 V.Point|7097_8870315502|7097_8870235502|05:22PM, 26/12/2016|
1234|1234 đã mua Storm Wings (Serial: 37758) giá 150.000 V.Point|7097_8870035502|7097_8869885502|05:27PM, 26/12/2016|
1234|1234 đã mua Storm Wings (Serial: 37767) giá 150.000 V.Point|7097_8869570502|7097_8869420502|05:30PM, 26/12/2016|
1234|1234 đã mua Illusion Wings (Serial: 37959) giá 150.000 V.Point|7097_8864941302|7097_8864791302|11:04AM, 29/12/2016|
