1234|1234 đã mua Bộ giáp Thiên Vũ (Serial: 38157) giá 220.000 V.Point|464572_722773560|464572_722553560|11:49PM, 17/01/2017|
1234|1234 đã mua Bộ giáp Ánh Trăng (Serial: 38150) giá 100.000 V.Point|553012_6858009|553012_6758009|11:23PM, 12/01/2017|
bqngoc|bqngoc đã mua Bộ giáp Thiên Vũ (Serial: 38082) giá 220.000 V.Point|694379_241400000|694379_241180000|10:27PM, 09/01/2017|
bqngoc|bqngoc đã mua Bộ giáp Quỷ Vương (Serial: 38076) giá 250.000 V.Point|694379_274146|694379_24146|10:25PM, 09/01/2017|
bqngoc|bqngoc đã mua Bộ giáp Anh Vũ (Serial: 38067) giá 220.000 V.Point|694379_744146|694379_524146|10:18PM, 09/01/2017|
1234|1234 đã mua Bộ giáp Quỷ Vương (Serial: 37175) giá 250.000 V.Point|7097_8885155502|7097_8884905502|03:50AM, 25/12/2016|
1234|1234 đã mua Bộ giáp Quỷ Vương (Serial: 37180) giá 250.000 V.Point|7097_8885155502|7097_8884905502|03:51AM, 25/12/2016|
1234|1234 đã mua Bộ giáp Quỷ Vương (Serial: 37185) giá 250.000 V.Point|7097_8885155502|7097_8884905502|03:51AM, 25/12/2016|
1234|1234 đã mua Bộ giáp Anh Vũ (Serial: 37191) giá 220.000 V.Point|7097_8885155502|7097_8884935502|03:53AM, 25/12/2016|
1234|1234 đã mua Bộ giáp Anh Vũ (Serial: 37196) giá 220.000 V.Point|7097_8885155502|7097_8884935502|03:53AM, 25/12/2016|
1234|1234 đã mua Bộ giáp Anh Vũ (Serial: 37201) giá 220.000 V.Point|7097_8885155502|7097_8884935502|03:54AM, 25/12/2016|
1234|1234 đã mua Bộ giáp Quỷ Vương (Serial: 37219) giá 250.000 V.Point|7097_8885155502|7097_8884905502|04:20AM, 25/12/2016|
1234|1234 đã mua Bộ giáp Quỷ Vương (Serial: 37224) giá 250.000 V.Point|7097_8885155502|7097_8884905502|12:15PM, 25/12/2016|
1234|1234 đã mua Bộ giáp Quỷ Vương (Serial: 37229) giá 250.000 V.Point|7097_8885155502|7097_8884905502|12:17PM, 25/12/2016|
1234|1234 đã mua Bộ giáp Quỷ Vương (Serial: 37234) giá 250.000 V.Point|7097_8885155502|7097_8884905502|12:18PM, 25/12/2016|
1234|1234 đã mua Bộ giáp Quỷ Vương (Serial: 37239) giá 250.000 V.Point|7097_8885155502|7097_8884905502|12:26PM, 25/12/2016|
1234|1234 đã mua Bộ giáp Quỷ Vương (Serial: 37248) giá 250.000 V.Point|7097_8885155502|7097_8884905502|04:39PM, 25/12/2016|
1234|1234 đã mua Bộ giáp Quỷ Vương (Serial: 37350) giá 250.000 V.Point|7097_8885095502|7097_8884845502|07:33PM, 25/12/2016|
1234|1234 đã mua Bộ giáp Quỷ Vương (Serial: 37355) giá 250.000 V.Point|7097_8885095502|7097_8884845502|07:46PM, 25/12/2016|
1234|1234 đã mua Bộ giáp Quỷ Vương (Serial: 37360) giá 250.000 V.Point|7097_8885095502|7097_8884845502|07:48PM, 25/12/2016|
1234|1234 đã mua Bộ giáp Quỷ Vương (Serial: 37365) giá 250.000 V.Point|7097_8885095502|7097_8884845502|07:49PM, 25/12/2016|
1234|1234 đã mua Bộ giáp Quỷ Vương (Serial: 37370) giá 250.000 V.Point|7097_8885095502|7097_8884845502|07:50PM, 25/12/2016|
1234|1234 đã mua Bộ giáp Quỷ Vương (Serial: 37375) giá 250.000 V.Point|7097_8885095502|7097_8884845502|07:50PM, 25/12/2016|
1234|1234 đã mua Bộ giáp Quỷ Vương (Serial: 37380) giá 250.000 V.Point|7097_8885095502|7097_8884845502|07:50PM, 25/12/2016|
1234|1234 đã mua Bộ giáp Quỷ Vương (Serial: 37385) giá 250.000 V.Point|7097_8885095502|7097_8884845502|07:50PM, 25/12/2016|
1234|1234 đã mua Bộ giáp Anh Vũ (Serial: 37390) giá 220.000 V.Point|7097_8885095502|7097_8884875502|07:51PM, 25/12/2016|
1234|1234 đã mua Bộ giáp Anh Vũ (Serial: 37395) giá 220.000 V.Point|7097_8885095502|7097_8884875502|07:52PM, 25/12/2016|
1234|1234 đã mua Bộ giáp Thiên Vũ (Serial: 37400) giá 220.000 V.Point|7097_8885095502|7097_8884875502|08:17PM, 25/12/2016|
1234|1234 đã mua Bộ giáp Quỷ Vương (Serial: 37453) giá 250.000 V.Point|7097_8883085502|7097_8882835502|11:42AM, 26/12/2016|
1234|1234 đã mua Bộ giáp Quỷ Vương (Serial: 37458) giá 250.000 V.Point|7097_8882835502|7097_8882585502|11:44AM, 26/12/2016|
1234|1234 đã mua Bộ giáp Quỷ Vương (Serial: 37507) giá 250.000 V.Point|7097_8879575502|7097_8879325502|01:17PM, 26/12/2016|
1234|1234 đã mua Bộ giáp Ánh Trăng (Serial: 37729) giá 100.000 V.Point|7097_8871758302|7097_8871658302|05:12PM, 26/12/2016|
1234|1234 đã mua Bộ giáp Thiên Vũ (Serial: 37734) giá 220.000 V.Point|7097_8871658302|7097_8871438302|05:13PM, 26/12/2016|
1234|1234 đã mua Bộ giáp Thiên Vũ (Serial: 37740) giá 220.000 V.Point|7097_8871408302|7097_8871188302|05:14PM, 26/12/2016|
1234|1234 đã mua Bộ giáp Anh Vũ (Serial: 37831) giá 220.000 V.Point|7097_8868432502|7097_8868212502|06:30PM, 26/12/2016|
1234|1234 đã mua Bộ giáp Thiên Vũ (Serial: 37912) giá 220.000 V.Point|7097_8866461302|7097_8866241302|11:51AM, 27/12/2016|
1234|1234 đã mua Bộ giáp Anh Vũ (Serial: 37917) giá 220.000 V.Point|7097_8866241302|7097_8866021302|11:54AM, 27/12/2016|
1234|1234 đã mua Bộ giáp Quỷ Vương (Serial: 37922) giá 250.000 V.Point|7097_8866021302|7097_8865771302|11:56AM, 27/12/2016|
1234|1234 đã mua Bộ giáp Anh Vũ (Serial: 37927) giá 220.000 V.Point|7097_8865771302|7097_8865551302|11:56AM, 27/12/2016|
1234|1234 đã mua Bộ giáp Quỷ Vương (Serial: 37932) giá 250.000 V.Point|7097_8865551302|7097_8865301302|12:00PM, 27/12/2016|
