1234|1234 đã mua Cung Thiên Mệnh (Serial: 38095) giá 60.000 V.Point|697_2620588501|697_2620528501|11:34PM, 09/01/2017|
1234|1234 đã mua Nỏ Hỏa Long - Divine (Serial: 38094) giá 30.000 V.Point|697_2620618501|697_2620588501|11:34PM, 09/01/2017|
1234|1234 đã mua Cung Thiên Vũ (Serial: 37440) giá 90.000 V.Point|7097_8883535502|7097_8883445502|11:38AM, 26/12/2016|
1234|1234 đã mua Cung Thái Bình (Serial: 37441) giá 90.000 V.Point|7097_8883445502|7097_8883355502|11:38AM, 26/12/2016|
1234|1234 đã mua Nỏ Hỏa Long - Divine (Serial: 37442) giá 30.000 V.Point|7097_8883355502|7097_8883325502|11:38AM, 26/12/2016|
1234|1234 đã mua Nỏ Hỏa Long - Divine (Serial: 37443) giá 30.000 V.Point|7097_8883325502|7097_8883295502|11:40AM, 26/12/2016|
1234|1234 đã mua Nỏ Hỏa Long - Divine (Serial: 37444) giá 30.000 V.Point|7097_8883295502|7097_8883265502|11:41AM, 26/12/2016|
1234|1234 đã mua Nỏ Hỏa Long - Divine (Serial: 37446) giá 30.000 V.Point|7097_8883205502|7097_8883175502|11:41AM, 26/12/2016|
1234|1234 đã mua Nỏ Hỏa Long - Divine (Serial: 37448) giá 30.000 V.Point|7097_8883115502|7097_8883085502|11:41AM, 26/12/2016|
1234|1234 đã mua Cung Thiên Vũ (Serial: 37478) giá 90.000 V.Point|7097_8881115502|7097_8881025502|12:52PM, 26/12/2016|
1234|1234 đã mua Cung Thiên Vũ (Serial: 37494) giá 90.000 V.Point|7097_8879665502|7097_8879575502|01:10PM, 26/12/2016|
1234|1234 đã mua Mai Hoa Cung (Serial: 37677) giá 30.000 V.Point|7097_8874143902|7097_8874113902|04:48PM, 26/12/2016|
1234|1234 đã mua Mỹ Nhân Cung (Serial: 37678) giá 30.000 V.Point|7097_8874113902|7097_8874083902|04:48PM, 26/12/2016|
1234|1234 đã mua Cung Thái Bình (Serial: 37679) giá 90.000 V.Point|7097_8874083902|7097_8873993902|04:49PM, 26/12/2016|
1234|1234 đã mua Cung Thiên Vũ (Serial: 37680) giá 90.000 V.Point|7097_8873993902|7097_8873903902|04:49PM, 26/12/2016|
1234|1234 đã mua Cung Hổ (Serial: 37699) giá 40.000 V.Point|7097_8873478302|7097_8873438302|04:54PM, 26/12/2016|
1234|1234 đã mua Cung Hổ (Serial: 37700) giá 40.000 V.Point|7097_8873438302|7097_8873398302|04:56PM, 26/12/2016|
1234|1234 đã mua Cung Thiên Vũ (Serial: 37701) giá 90.000 V.Point|7097_8873398302|7097_8873308302|04:56PM, 26/12/2016|
1234|1234 đã mua Cung Thiên Vũ (Serial: 37702) giá 90.000 V.Point|7097_8873308302|7097_8873218302|04:58PM, 26/12/2016|
1234|1234 đã mua Cung Thái Bình (Serial: 37703) giá 90.000 V.Point|7097_8873218302|7097_8873128302|04:58PM, 26/12/2016|
1234|1234 đã mua Cung Thái Bình (Serial: 37704) giá 90.000 V.Point|7097_8873128302|7097_8873038302|04:58PM, 26/12/2016|
1234|1234 đã mua Cung Hổ (Serial: 37705) giá 40.000 V.Point|7097_8873038302|7097_8872998302|04:58PM, 26/12/2016|
1234|1234 đã mua Cung Hổ (Serial: 37706) giá 40.000 V.Point|7097_8872998302|7097_8872958302|04:58PM, 26/12/2016|
1234|1234 đã mua Mai Hoa Cung (Serial: 37735) giá 30.000 V.Point|7097_8871438302|7097_8871408302|05:13PM, 26/12/2016|
1234|1234 đã mua Cung Thiên Vũ (Serial: 37741) giá 90.000 V.Point|7097_8871188302|7097_8871098302|05:14PM, 26/12/2016|
1234|1234 đã mua Cung Thiên Mệnh (Serial: 37747) giá 60.000 V.Point|7097_8871035502|7097_8870975502|05:16PM, 26/12/2016|
1234|1234 đã mua Cung Thái Bình (Serial: 37804) giá 90.000 V.Point|7097_8869339902|7097_8869249902|06:08PM, 26/12/2016|
1234|1234 đã mua Cung Thái Bình (Serial: 37956) giá 90.000 V.Point|7097_8865301302|7097_8865211302|01:06PM, 27/12/2016|
1234|1234 đã mua Cung Hổ (Serial: 37957) giá 40.000 V.Point|7097_8865211302|7097_8865171302|01:06PM, 27/12/2016|
1234|1234 đã mua Nỏ Hỏa Long - Divine (Serial: 37958) giá 30.000 V.Point|7097_8865171302|7097_8865141302|01:06PM, 27/12/2016|
