1234|1234 đã mua Gậy Đoạt mệnh (Serial: 37240) giá 90.000 V.Point|7097_8885155502|7097_8885065502|04:24PM, 25/12/2016|
1234|1234 đã mua Gậy Chiêm Tinh (Serial: 37402) giá 100.000 V.Point|7097_8884875502|7097_8884775502|08:18PM, 25/12/2016|
1234|1234 đã mua Gậy Xích Quỷ (Serial: 37403) giá 80.000 V.Point|7097_8884775502|7097_8884695502|08:19PM, 25/12/2016|
1234|1234 đã mua Gậy Hồng Ngọc (Serial: 37409) giá 100.000 V.Point|7097_8884515502|7097_8884415502|11:00AM, 26/12/2016|
1234|1234 đã mua Ancient Stick (Serial: 37416) giá 65.000 V.Point|7097_8884415502|7097_8884350502|11:03AM, 26/12/2016|
1234|1234 đã mua Gậy Đoạt mệnh (Serial: 37417) giá 90.000 V.Point|7097_8884350502|7097_8884260502|11:10AM, 26/12/2016|
1234|1234 đã mua Gậy Bùng Nổ (Serial: 37433) giá 80.000 V.Point|7097_8883995502|7097_8883915502|11:25AM, 26/12/2016|
1234|1234 đã mua Gậy Xích Quỷ (Serial: 37434) giá 80.000 V.Point|7097_8883915502|7097_8883835502|11:25AM, 26/12/2016|
1234|1234 đã mua Gậy Đoạt mệnh (Serial: 37490) giá 90.000 V.Point|7097_8880105502|7097_8880015502|01:05PM, 26/12/2016|
1234|1234 đã mua Gậy Hồng Ngọc (Serial: 37491) giá 100.000 V.Point|7097_8880015502|7097_8879915502|01:05PM, 26/12/2016|
1234|1234 đã mua Gậy Đoạt mệnh (Serial: 37492) giá 90.000 V.Point|7097_8879915502|7097_8879825502|01:07PM, 26/12/2016|
1234|1234 đã mua Gậy Quỷ Vương (Serial: 37493) giá 160.000 V.Point|7097_8879825502|7097_8879665502|01:07PM, 26/12/2016|
1234|1234 đã mua Gậy Đoạt mệnh (Serial: 37519) giá 90.000 V.Point|7097_8879325502|7097_8879235502|01:30PM, 26/12/2016|
1234|1234 đã mua Gậy Bùng Nổ (Serial: 37524) giá 80.000 V.Point|7097_8879235502|7097_8879155502|01:31PM, 26/12/2016|
1234|1234 đã mua Gậy Bùng Nổ (Serial: 37526) giá 80.000 V.Point|7097_8879155502|7097_8879075502|01:33PM, 26/12/2016|
1234|1234 đã mua Gậy Bùng Nổ (Serial: 37527) giá 80.000 V.Point|7097_8879075502|7097_8878995502|01:33PM, 26/12/2016|
1234|1234 đã mua Gậy Bùng Nổ (Serial: 37528) giá 80.000 V.Point|7097_8878995502|7097_8878915502|01:33PM, 26/12/2016|
1234|1234 đã mua Gậy Giác Đấu (Serial: 37529) giá 90.000 V.Point|7097_8878915502|7097_8878825502|01:33PM, 26/12/2016|
1234|1234 đã mua Gậy Giác Đấu (Serial: 37532) giá 90.000 V.Point|7097_8878825502|7097_8878735502|01:34PM, 26/12/2016|
1234|1234 đã mua Gậy Giác Đấu (Serial: 37533) giá 90.000 V.Point|7097_8878735502|7097_8878645502|01:40PM, 26/12/2016|
1234|1234 đã mua Gậy Giác Đấu (Serial: 37535) giá 90.000 V.Point|7097_8878645502|7097_8878555502|01:41PM, 26/12/2016|
1234|1234 đã mua Gậy Giác Đấu (Serial: 37536) giá 90.000 V.Point|7097_8878555502|7097_8878465502|01:43PM, 26/12/2016|
1234|1234 đã mua Gậy Giác Đấu (Serial: 37537) giá 90.000 V.Point|7097_8878465502|7097_8878375502|01:43PM, 26/12/2016|
1234|1234 đã mua Gậy Giác Đấu (Serial: 37538) giá 90.000 V.Point|7097_8878375502|7097_8878285502|01:44PM, 26/12/2016|
1234|1234 đã mua Gậy Hồng Ngọc (Serial: 37571) giá 100.000 V.Point|7097_8877145502|7097_8877045502|02:36PM, 26/12/2016|
1234|1234 đã mua Gậy Quỷ Vương (Serial: 37573) giá 160.000 V.Point|7097_8877045502|7097_8876885502|02:37PM, 26/12/2016|
1234|1234 đã mua Violent Wind Stick (Serial: 37574) giá 55.000 V.Point|7097_8876885502|7097_8876830502|02:38PM, 26/12/2016|
1234|1234 đã mua Gậy Hồng Ngọc (Serial: 37609) giá 100.000 V.Point|7097_8875630502|7097_8875530502|03:47PM, 26/12/2016|
1234|1234 đã mua Gậy Quỷ Vương (Serial: 37622) giá 160.000 V.Point|7097_8875530502|7097_8875370502|04:04PM, 26/12/2016|
1234|1234 đã mua Gậy Đoạt mệnh (Serial: 37640) giá 90.000 V.Point|7097_8875310502|7097_8875220502|04:32PM, 26/12/2016|
1234|1234 đã mua Gậy Chiêm Tinh (Serial: 37715) giá 100.000 V.Point|7097_8872458302|7097_8872358302|05:01PM, 26/12/2016|
1234|1234 đã mua Gậy Chiêm Tinh (Serial: 37762) giá 100.000 V.Point|7097_8869794502|7097_8869694502|05:28PM, 26/12/2016|
1234|1234 đã mua Gậy Quỷ Vương (Serial: 37815) giá 160.000 V.Point|7097_8869092502|7097_8868932502|06:11PM, 26/12/2016|
1234|1234 đã mua Gậy Quỷ Vương (Serial: 37816) giá 160.000 V.Point|7097_8868932502|7097_8868772502|06:12PM, 26/12/2016|
1234|1234 đã mua Gậy Quỷ Vương (Serial: 37817) giá 160.000 V.Point|7097_8868772502|7097_8868612502|06:12PM, 26/12/2016|
1234|1234 đã mua Gậy Giác Đấu (Serial: 37834) giá 90.000 V.Point|7097_8868122502|7097_8868032502|06:30PM, 26/12/2016|
1234|1234 đã mua Gậy Giác Đấu (Serial: 37835) giá 90.000 V.Point|7097_8868032502|7097_8867942502|06:31PM, 26/12/2016|
1234|1234 đã mua Gậy Hồng Ngọc (Serial: 37836) giá 100.000 V.Point|7097_8867942502|7097_8867842502|06:31PM, 26/12/2016|
1234|1234 đã mua Gậy Hồng Ngọc (Serial: 37837) giá 100.000 V.Point|7097_8867842502|7097_8867742502|06:33PM, 26/12/2016|
1234|1234 đã mua Gậy Xích Quỷ (Serial: 37838) giá 80.000 V.Point|7097_8867742502|7097_8867662502|06:33PM, 26/12/2016|
1234|1234 đã mua Gậy Xích Quỷ (Serial: 37839) giá 80.000 V.Point|7097_8867662502|7097_8867582502|06:34PM, 26/12/2016|
1234|1234 đã mua Mystery Stick (Serial: 37840) giá 50.000 V.Point|7097_8867582502|7097_8867532502|06:34PM, 26/12/2016|
1234|1234 đã mua Mystery Stick (Serial: 37841) giá 50.000 V.Point|7097_8867532502|7097_8867482502|06:36PM, 26/12/2016|
1234|1234 đã mua Gậy Giác Đấu (Serial: 37842) giá 90.000 V.Point|7097_8867482502|7097_8867392502|06:36PM, 26/12/2016|
1234|1234 đã mua Gậy Giác Đấu (Serial: 37843) giá 90.000 V.Point|7097_8867392502|7097_8867302502|06:36PM, 26/12/2016|
1234|1234 đã mua Gậy Xích Quỷ (Serial: 37844) giá 80.000 V.Point|7097_8867302502|7097_8867222502|06:50PM, 26/12/2016|
1234|1234 đã mua Gậy Đoạt mệnh (Serial: 37845) giá 90.000 V.Point|7097_8867222502|7097_8867132502|07:49PM, 26/12/2016|
1234|1234 đã mua Gậy Xích Quỷ (Serial: 37846) giá 80.000 V.Point|7097_8867132502|7097_8867052502|07:50PM, 26/12/2016|
1234|1234 đã mua Gậy Xích Quỷ (Serial: 37847) giá 80.000 V.Point|7097_8867052502|7097_8866972502|07:51PM, 26/12/2016|
1234|1234 đã mua Gậy thiên sứ (Serial: 37848) giá 150.000 V.Point|7097_8866972502|7097_8866822502|11:01PM, 26/12/2016|
1234|1234 đã mua Gậy thiên sứ (Serial: 37849) giá 150.000 V.Point|7097_8866822502|7097_8866672502|11:03PM, 26/12/2016|
