Initialized log instance
Initializing Servers...
[AllowList] Loaded Successfull!
[DataServer1] Initializing database connection
[DataServer1] [DB] Connection Successfull!
[DataServer1] Connected to MuOnline@MuOnline database
[DataServer1] Initialized database connection
[DataServer1] Initializing IOCP system connection
[DataServer1] Server Listen OK. Port: 55960
[DataServer1] Initialized IOCP system connection
[DataServer2] Initializing database connection
[DataServer2] [DB] Connection Successfull!
[DataServer2] Connected to MuOnline@MuOnline database
[DataServer2] Initialized database connection
[DataServer2] Initializing IOCP system connection
[DataServer2] Server Listen OK. Port: 55962
[DataServer2] Initialized IOCP system connection
[JoinServer] Initializing database connection
[JoinServer] [DB] Connection Successfull!
[JoinServer] Connected to MuOnline@MuOnlineJoinDB database
[JoinServer] Initialized database connection
[JoinServer] Initializing IOCP system connection
[JoinServer] Server Listen OK. Port: 55970
[JoinServer] Initialized IOCP system connection
[ExtraServer] Initializing database connection
[ExtraServer] [DB] Connection Successfull!
[ExtraServer] Connected to MuOnline@MuOnline database
[ExtraServer] Initialized database connection
[ExtraServer] Initializing IOCP system connection
[ExtraServer] Server Listen OK. Port: 55999
[ExtraServer] Initialized IOCP system connection
[WzExDB] Initializing database connection
[WzExDB] [DB] Connection Successfull!
[WzExDB] Connected to MuOnline@MuOnline database
[WzExDB] Initialized database connection
[WzExDB] Initializing IOCP system connection
[WzExDB] Server Listen OK. Port: 55906
[WzExDB] Initialized IOCP system connection
00:08:06 SELECT * FROM Guild WHERE Number = G_Union
00:08:06 SELECT * FROM Guild WHERE Number <> G_Union
00:08:06 SELECT G_Mark FROM Guild WHERE G_Name = 'abc'
00:08:06 [WzExDB] [ExDB][AddGuild] Guild [abc] Create Guild Master: [knight]
00:08:06 SELECT * FROM GuildMember WHERE G_Name = 'abc'
[WzExDB] [MuOnlineDB] GuildData Loaded in 109 msec
[PostServer] Initializing IOCP system connection
[PostServer] Server Listen OK. Port: 55998
[PostServer] Initialized IOCP system connection
Servers initialization in 780 msec
[ExtraServer] connect : [0][127.0.0.1]
[PostServer] connect : [0][127.0.0.1]
[WzExDB] connect : [0][127.0.0.1]
[DataServer2] connect : [0][127.0.0.1]
[DataServer1] connect : [0][127.0.0.1]
[JoinServer] connect : [0][127.0.0.1]
00:08:26 [WzExDB] [ExDB][ExDB] GameServer with ServerCode[1] connected.
00:08:26 SELECT ItemCount FROM GameServerInfo WHERE Number=0
00:08:26 SELECT ItemCount FROM GameServerInfo WHERE Number=0
[PostServer] [PostServer][0] Connection Success: Server Code 1
[JoinServer] GameServer connected Sub-2 PORT : 55903 CODE : 1
00:09:03 SELECT * FROM MEMB_INFO WHERE memb___id='ngoc119'
[Object] User ngoc119 has join
00:09:03 EXEC WZ_CONNECT_MEMB 'ngoc119','Sub-2','45.122.232.142'
00:09:05 SELECT Id FROM AccountCharacter WHERE Id='ngoc119'
00:09:05 SELECT * FROM AccountCharacter WHERE Id='ngoc119'
00:09:05 SELECT cLevel, Class, CtlCode, DbVersion FROM vCharacterPreview WHERE Name='eewe'
00:09:05 SELECT Inventory FROM Character WHERE Name='eewe'
00:09:05 SELECT G_Status FROM GuildMember WHERE Name='eewe'
00:09:05 SELECT cLevel, Class, CtlCode, DbVersion FROM vCharacterPreview WHERE Name='Yoyo'
00:09:05 SELECT Inventory FROM Character WHERE Name='Yoyo'
00:09:05 SELECT G_Status FROM GuildMember WHERE Name='Yoyo'
00:09:05 SELECT SCFIsVip, SCFVipMoney, SCFVipDays, SCFWareVipCount, DateDiff(dd , out__days,getdate()) as dateDifference, SCFLuckyCoins, SCFExtWarehouse FROM MuOnline.dbo.MEMB_INFO WHERE memb___id = 'ngoc119'
00:09:05 SELECT AccountID,BotLife,BotMaxLife FROM MuOnline.dbo.BotPet WHERE AccountID='ngoc119' AND BotLife < BotMaxLife
00:09:05 SELECT COUNT(*) as cnt FROM MuOnline.dbo.TitanLotteryPlayers WHERE AccountID='ngoc119'
00:09:12 SELECT cLevel, Class, LevelUpPoint, Experience, Strength, Dexterity, Vitality, Energy, Money, Life, MaxLife, Mana, MaxMana, MapNumber, MapPosX, MapPosY, MapDir, PkCount, PkLevel, PkTime, CtlCode, DbVersion, Leadership, ChatLimitTime, FruitPoint, SCFExtInventory, SCFUpdatedPShop FROM Character WHERE Name='Yoyo' AND AccountID='ngoc119'
00:09:12 SELECT Inventory from Character where Name='Yoyo'
00:09:12 SELECT MagicList from Character where Name='Yoyo'
00:09:12 SELECT Quest from Character where Name='Yoyo'
00:09:12 UPDATE AccountCharacter SET GameIDC='Yoyo' WHERE Id='ngoc119'
00:09:12 SELECT * FROM OptionData WHERE Name='Yoyo'
00:09:12 [WzExDB] [ExDB][Guild Member Info Request] Member [Yoyo].
00:09:12 SELECT G_Name, G_Level, G_Status FROM GuildMember where Name='Yoyo'
00:09:12 SELECT Name FROM MuOnline.dbo.OfficialHelper WHERE Name = 'Yoyo'
00:09:12 [WzExDB] [ExDB][Send Guild Member Info] No info returned from sManager->db.
00:09:12 [WzExDB] [ExDB][Friend List Request] Name[Yoyo].
00:09:12 SELECT GUID, MemoTotal FROM T_FriendMain where Name = 'Yoyo'
00:09:12 SELECT Data FROM MuOnline.dbo.OfficialHelper where Name = 'Yoyo'
00:09:12 SELECT SkillKey from OptionData where Name='Yoyo'
00:09:12 SELECT SCFMasterLevel, SCFMasterPoints, Resets, SCFPCPoints, SCFSealItem, SCFSealTime, SCFScrollItem, SCFScrollTime, SCFMarried, SCFMarryHusbandWife, SCFGensFamily, SCFGensContribution,SCFGensRank,SCFGensRecvReward,SCFGensDD = (CAST((DATEDIFF(dd,SCFGensDateLeave,GETDATE())) as int)+1) FROM MuOnline.dbo.Character WHERE Name = 'Yoyo'
00:09:12 SELECT Name FROM MuOnline.dbo.Character WHERE Name = 'Yoyo' and AccountID = 'ngoc119'
00:09:12 SELECT SCFMasterSkill FROM MuOnline.dbo.Character where Name = 'Yoyo' and AccountID = 'ngoc119'
00:09:12 SELECT Name FROM MuOnline.dbo.SCFS5Quest WHERE Name = 'Yoyo' and AccountID = 'ngoc119'
00:09:12 SELECT FriendGuid, FriendName, Del FROM T_FriendList where GUID = 15
00:09:12 [WzExDB] [ExDB][Friend List Send] Name[Yoyo].
00:09:12 [WzExDB] [ExDB][Friend List Send] Friend Count[0].
00:09:12 SELECT FriendName FROM T_WaitFriend where GUID=15
00:09:12 SELECT SCFS5Quest FROM MuOnline.dbo.SCFS5Quest where Name = 'Yoyo' and AccountID = 'ngoc119'
[WzExDB] [ExDB][Mail List Request] Name[Yoyo].
00:09:12 [WzExDB] [ExDB][Mail List Send] Name[Yoyo].
00:09:12 SELECT MemoIndex, FriendName, wDate, Subject, bRead FROM T_FriendMail where GUID=15
00:09:12 [WzExDB] [ExDB][Mail List Send] Mail Count: 0.
00:09:21 EXEC WZ_GetItemSerial
00:09:21 EXEC WZ_GetItemSerial
00:09:21 EXEC WZ_GetItemSerial
00:09:21 EXEC WZ_GetItemSerial
00:09:26 EXEC WZ_GetItemSerial
00:09:52 EXEC WZ_GetItemSerial
00:09:52 EXEC WZ_GetItemSerial
00:09:52 EXEC WZ_GetItemSerial
00:10:02 EXEC WZ_GetItemSerial
00:10:02 EXEC WZ_GetItemSerial
00:10:11 EXEC WZ_GetItemSerial
00:10:11 EXEC WZ_GetItemSerial
00:12:18 EXEC WZ_GetItemSerial
00:12:22 EXEC WZ_GetItemSerial
00:12:30 EXEC WZ_GetItemSerial
00:13:39 EXEC WZ_GetItemSerial
00:13:41 EXEC WZ_GetItemSerial
00:13:43 EXEC WZ_GetItemSerial
00:13:47 EXEC WZ_GetItemSerial
00:13:57 EXEC WZ_GetItemSerial
00:14:01 EXEC WZ_GetItemSerial
00:14:01 EXEC WZ_GetItemSerial
00:14:19 SELECT AccountID FROM MuOnline.dbo.warehouse WHERE AccountID='ngoc119'
00:14:19 SELECT Money, DbVersion, pw FROM MuOnline.dbo.warehouse WHERE AccountID='ngoc119'
00:14:19 SELECT Items FROM MuOnline.dbo.warehouse WHERE AccountID='ngoc119'
00:15:56 UPDATE warehouse SET Money=0, pw=0, DbVersion=3 WHERE AccountID='ngoc119'
00:15:56 UPDATE warehouse SET Items=? WHERE AccountID='ngoc119'
00:15:57 UPDATE Character SET Inventory=? WHERE Name='Yoyo'
00:16:01 SELECT Name FROM OptionData WHERE Name='Yoyo'
00:16:01 UPDATE OptionData SET GameOption=9, Qkey=255, Wkey=255, Ekey=255, Rkey=255, ChatWindow=38 WHERE Name='Yoyo'
00:16:01 UPDATE OptionData SET SkillKey=? where Name='Yoyo'
00:16:06 UPDATE Character SET cLevel=398,Class=2,LevelUpPoint=0, Experience=96473529, Strength=18000, Dexterity=18000, Vitality=15000, Energy=30000, Money=112823683, Life=16350, MaxLife=42126, Mana=28960, MaxMana=18116, MapNumber=3, MapPosX=173, MapPosY=97, MapDir=5, PkCount=0, PkLevel=3, PkTime=527526, DbVersion=3, Leadership=0, ChatLimitTime=0, FruitPoint=0, SCFExtInventory=0, SCFUpdatedPShop=1 WHERE Name = 'Yoyo'
00:16:06 UPDATE Character SET Inventory=? WHERE Name='Yoyo'
00:16:06 UPDATE Character SET MagicList=? WHERE Name='Yoyo'
00:16:06 UPDATE Character SET Quest=? WHERE Name='Yoyo'
00:16:06 SELECT Id FROM AccountCharacter WHERE Id='ngoc119'
00:16:06 SELECT * FROM AccountCharacter WHERE Id='ngoc119'
00:16:06 SELECT cLevel, Class, CtlCode, DbVersion FROM vCharacterPreview WHERE Name='eewe'
00:16:06 SELECT Inventory FROM Character WHERE Name='eewe'
00:16:06 SELECT G_Status FROM GuildMember WHERE Name='eewe'
00:16:06 SELECT cLevel, Class, CtlCode, DbVersion FROM vCharacterPreview WHERE Name='Yoyo'
00:16:06 SELECT Inventory FROM Character WHERE Name='Yoyo'
00:16:06 SELECT G_Status FROM GuildMember WHERE Name='Yoyo'
00:16:06 SELECT SCFIsVip, SCFVipMoney, SCFVipDays, SCFWareVipCount, DateDiff(dd , out__days,getdate()) as dateDifference, SCFLuckyCoins, SCFExtWarehouse FROM MuOnline.dbo.MEMB_INFO WHERE memb___id = 'ngoc119'
00:16:06 SELECT AccountID,BotLife,BotMaxLife FROM MuOnline.dbo.BotPet WHERE AccountID='ngoc119' AND BotLife < BotMaxLife
00:16:06 SELECT COUNT(*) as cnt FROM MuOnline.dbo.TitanLotteryPlayers WHERE AccountID='ngoc119'
00:16:20 EXEC WZ_DISCONNECT_MEMB 'ngoc119'
[Player] ngoc119 has been deleted
00:16:37 SELECT * FROM MEMB_INFO WHERE memb___id='bqngoc'
[Object] User bqngoc has join
00:16:37 EXEC WZ_CONNECT_MEMB 'bqngoc','Sub-2','45.122.232.142'
00:16:40 SELECT Id FROM AccountCharacter WHERE Id='bqngoc'
00:16:40 SELECT * FROM AccountCharacter WHERE Id='bqngoc'
00:16:40 SELECT cLevel, Class, CtlCode, DbVersion FROM vCharacterPreview WHERE Name='qwwww'
00:16:40 SELECT Inventory FROM Character WHERE Name='qwwww'
00:16:40 SELECT G_Status FROM GuildMember WHERE Name='qwwww'
00:16:40 SELECT cLevel, Class, CtlCode, DbVersion FROM vCharacterPreview WHERE Name='lost'
00:16:40 SELECT Inventory FROM Character WHERE Name='lost'
00:16:40 SELECT G_Status FROM GuildMember WHERE Name='lost'
00:16:40 SELECT SCFIsVip, SCFVipMoney, SCFVipDays, SCFWareVipCount, DateDiff(dd , out__days,getdate()) as dateDifference, SCFLuckyCoins, SCFExtWarehouse FROM MuOnline.dbo.MEMB_INFO WHERE memb___id = 'bqngoc'
00:16:40 SELECT AccountID,BotLife,BotMaxLife FROM MuOnline.dbo.BotPet WHERE AccountID='bqngoc' AND BotLife < BotMaxLife
00:16:40 SELECT COUNT(*) as cnt FROM MuOnline.dbo.TitanLotteryPlayers WHERE AccountID='bqngoc'
00:16:45 SELECT cLevel, Class, LevelUpPoint, Experience, Strength, Dexterity, Vitality, Energy, Money, Life, MaxLife, Mana, MaxMana, MapNumber, MapPosX, MapPosY, MapDir, PkCount, PkLevel, PkTime, CtlCode, DbVersion, Leadership, ChatLimitTime, FruitPoint, SCFExtInventory, SCFUpdatedPShop FROM Character WHERE Name='lost' AND AccountID='bqngoc'
00:16:45 SELECT Inventory from Character where Name='lost'
00:16:45 SELECT MagicList from Character where Name='lost'
00:16:45 SELECT Quest from Character where Name='lost'
00:16:45 UPDATE AccountCharacter SET GameIDC='lost' WHERE Id='bqngoc'
00:16:45 SELECT * FROM OptionData WHERE Name='lost'
00:16:45 [WzExDB] [ExDB][Guild Member Info Request] Member [lost].
00:16:45 SELECT G_Name, G_Level, G_Status FROM GuildMember where Name='lost'
00:16:45 SELECT Name FROM MuOnline.dbo.OfficialHelper WHERE Name = 'lost'
00:16:45 [WzExDB] [ExDB][Send Guild Member Info] No info returned from sManager->db.
00:16:45 SELECT Data FROM MuOnline.dbo.OfficialHelper where Name = 'lost'
00:16:45 [WzExDB] [ExDB][Friend List Request] Name[lost].
00:16:45 SELECT GUID, MemoTotal FROM T_FriendMain where Name = 'lost'
00:16:45 SELECT SkillKey from OptionData where Name='lost'
00:16:45 SELECT SCFMasterLevel, SCFMasterPoints, Resets, SCFPCPoints, SCFSealItem, SCFSealTime, SCFScrollItem, SCFScrollTime, SCFMarried, SCFMarryHusbandWife, SCFGensFamily, SCFGensContribution,SCFGensRank,SCFGensRecvReward,SCFGensDD = (CAST((DATEDIFF(dd,SCFGensDateLeave,GETDATE())) as int)+1) FROM MuOnline.dbo.Character WHERE Name = 'lost'
00:16:45 SELECT Pet_Level, Pet_Exp FROM T_PetItem_Info WHERE ItemSerial=-65898733
00:16:45 SELECT FriendGuid, FriendName, Del FROM T_FriendList where GUID = 10
00:16:45 [WzExDB] [ExDB][Friend List Send] Name[lost].
00:16:45 [WzExDB] [ExDB][Friend List Send] Friend Count[0].
00:16:45 SELECT FriendName FROM T_WaitFriend where GUID=10
00:16:45 SELECT Name FROM MuOnline.dbo.SCFS5Quest WHERE Name = 'lost' and AccountID = 'bqngoc'
00:16:45 SELECT SCFS5Quest FROM MuOnline.dbo.SCFS5Quest where Name = 'lost' and AccountID = 'bqngoc'
[WzExDB] [ExDB][Mail List Request] Name[lost].
00:16:45 [WzExDB] [ExDB][Mail List Send] Name[lost].
00:16:45 SELECT MemoIndex, FriendName, wDate, Subject, bRead FROM T_FriendMail where GUID=10
00:16:45 [WzExDB] [ExDB][Mail List Send] Mail Count: 0.
00:16:45 SELECT Pet_Level, Pet_Exp FROM T_PetItem_Info WHERE ItemSerial=-65898734
00:16:45 SELECT Name FROM MuOnline.dbo.Character WHERE Name = 'lost' and AccountID = 'bqngoc'
00:16:45 SELECT SCFMasterSkill FROM MuOnline.dbo.Character where Name = 'lost' and AccountID = 'bqngoc'
00:17:01 UPDATE Character SET cLevel=298,Class=65,LevelUpPoint=2784, Experience=359883540, Strength=26000, Dexterity=20000, Vitality=20000, Energy=15000, Money=1999616600, Life=43343, MaxLife=11739, Mana=20721, MaxMana=31537, MapNumber=10, MapPosX=14, MapPosY=30, MapDir=1, PkCount=0, PkLevel=3, PkTime=527581, DbVersion=3, Leadership=25000, ChatLimitTime=0, FruitPoint=0, SCFExtInventory=0, SCFUpdatedPShop=1 WHERE Name = 'lost'
00:17:01 UPDATE Character SET Inventory=? WHERE Name='lost'
00:17:01 UPDATE Character SET MagicList=? WHERE Name='lost'
00:17:01 UPDATE Character SET Quest=? WHERE Name='lost'
00:17:01 UPDATE T_PetItem_Info SET Pet_Level=1, Pet_Exp=0 WHERE ItemSerial=-65898733
00:17:01 UPDATE T_PetItem_Info SET Pet_Level=1, Pet_Exp=0 WHERE ItemSerial=-65898734
00:17:02 EXEC WZ_GetItemSerial
00:17:32 SELECT Name FROM OptionData WHERE Name='lost'
00:17:32 UPDATE OptionData SET GameOption=9, Qkey=255, Wkey=255, Ekey=255, Rkey=255, ChatWindow=38 WHERE Name='lost'
00:17:32 UPDATE OptionData SET SkillKey=? where Name='lost'
00:17:37 UPDATE Character SET cLevel=298,Class=65,LevelUpPoint=2784, Experience=360072960, Strength=26000, Dexterity=20000, Vitality=20000, Energy=15000, Money=1999616600, Life=43243, MaxLife=11739, Mana=20721, MaxMana=31537, MapNumber=10, MapPosX=15, MapPosY=29, MapDir=7, PkCount=0, PkLevel=3, PkTime=527617, DbVersion=3, Leadership=25000, ChatLimitTime=0, FruitPoint=0, SCFExtInventory=0, SCFUpdatedPShop=1 WHERE Name = 'lost'
00:17:37 EXEC WZ_DISCONNECT_MEMB 'bqngoc'
00:17:37 UPDATE Character SET Inventory=? WHERE Name='lost'
00:17:37 UPDATE Character SET MagicList=? WHERE Name='lost'
00:17:37 UPDATE Character SET Quest=? WHERE Name='lost'
00:17:37 UPDATE T_PetItem_Info SET Pet_Level=1, Pet_Exp=0 WHERE ItemSerial=-65898733
00:17:37 UPDATE T_PetItem_Info SET Pet_Level=1, Pet_Exp=0 WHERE ItemSerial=-65898734
[Player] bqngoc has been deleted
00:17:56 SELECT * FROM MEMB_INFO WHERE memb___id='1234'
[Object] User 1234 has join
00:17:56 EXEC WZ_CONNECT_MEMB '1234','Sub-2','45.122.232.142'
00:17:59 SELECT Id FROM AccountCharacter WHERE Id='1234'
00:17:59 SELECT * FROM AccountCharacter WHERE Id='1234'
00:17:59 SELECT cLevel, Class, CtlCode, DbVersion FROM vCharacterPreview WHERE Name='knight'
00:17:59 SELECT Inventory FROM Character WHERE Name='knight'
00:17:59 SELECT G_Status FROM GuildMember WHERE Name='knight'
00:17:59 SELECT cLevel, Class, CtlCode, DbVersion FROM vCharacterPreview WHERE Name='somo'
00:17:59 SELECT Inventory FROM Character WHERE Name='somo'
00:17:59 SELECT G_Status FROM GuildMember WHERE Name='somo'
00:17:59 SELECT cLevel, Class, CtlCode, DbVersion FROM vCharacterPreview WHERE Name='dfvd'
00:17:59 SELECT Inventory FROM Character WHERE Name='dfvd'
00:17:59 SELECT G_Status FROM GuildMember WHERE Name='dfvd'
00:17:59 SELECT SCFIsVip, SCFVipMoney, SCFVipDays, SCFWareVipCount, DateDiff(dd , out__days,getdate()) as dateDifference, SCFLuckyCoins, SCFExtWarehouse FROM MuOnline.dbo.MEMB_INFO WHERE memb___id = '1234'
00:17:59 SELECT AccountID,BotLife,BotMaxLife FROM MuOnline.dbo.BotPet WHERE AccountID='1234' AND BotLife < BotMaxLife
00:17:59 SELECT COUNT(*) as cnt FROM MuOnline.dbo.TitanLotteryPlayers WHERE AccountID='1234'
00:18:06 SELECT cLevel, Class, LevelUpPoint, Experience, Strength, Dexterity, Vitality, Energy, Money, Life, MaxLife, Mana, MaxMana, MapNumber, MapPosX, MapPosY, MapDir, PkCount, PkLevel, PkTime, CtlCode, DbVersion, Leadership, ChatLimitTime, FruitPoint, SCFExtInventory, SCFUpdatedPShop FROM Character WHERE Name='somo' AND AccountID='1234'
00:18:06 SELECT Inventory from Character where Name='somo'
00:18:06 SELECT MagicList from Character where Name='somo'
00:18:06 SELECT Quest from Character where Name='somo'
00:18:06 UPDATE AccountCharacter SET GameIDC='somo' WHERE Id='1234'
00:18:06 SELECT * FROM OptionData WHERE Name='somo'
00:18:06 [WzExDB] [ExDB][Guild Member Info Request] Member [somo].
00:18:06 SELECT G_Name, G_Level, G_Status FROM GuildMember where Name='somo'
00:18:06 SELECT Name FROM MuOnline.dbo.OfficialHelper WHERE Name = 'somo'
00:18:06 [WzExDB] [ExDB][Send Guild Member Info] No info returned from sManager->db.
00:18:06 SELECT Data FROM MuOnline.dbo.OfficialHelper where Name = 'somo'
00:18:06 SELECT SkillKey from OptionData where Name='somo'
00:18:06 SELECT SCFMasterLevel, SCFMasterPoints, Resets, SCFPCPoints, SCFSealItem, SCFSealTime, SCFScrollItem, SCFScrollTime, SCFMarried, SCFMarryHusbandWife, SCFGensFamily, SCFGensContribution,SCFGensRank,SCFGensRecvReward,SCFGensDD = (CAST((DATEDIFF(dd,SCFGensDateLeave,GETDATE())) as int)+1) FROM MuOnline.dbo.Character WHERE Name = 'somo'
00:18:06 SELECT Name FROM MuOnline.dbo.Character WHERE Name = 'somo' and AccountID = '1234'
00:18:06 SELECT Name FROM MuOnline.dbo.SCFS5Quest WHERE Name = 'somo' and AccountID = '1234'
00:18:06 SELECT SCFMasterSkill FROM MuOnline.dbo.Character where Name = 'somo' and AccountID = '1234'
00:18:06 SELECT SCFS5Quest FROM MuOnline.dbo.SCFS5Quest where Name = 'somo' and AccountID = '1234'
00:18:06 [WzExDB] [ExDB][Friend List Request] Name[somo].
00:18:06 SELECT GUID, MemoTotal FROM T_FriendMain where Name = 'somo'
00:18:06 SELECT FriendGuid, FriendName, Del FROM T_FriendList where GUID = 12
00:18:06 [WzExDB] [ExDB][Friend List Send] Name[somo].
00:18:06 [WzExDB] [ExDB][Friend List Send] Friend Count[0].
00:18:06 SELECT FriendName FROM T_WaitFriend where GUID=12
[WzExDB] [ExDB][Mail List Request] Name[somo].
00:18:06 [WzExDB] [ExDB][Mail List Send] Name[somo].
00:18:06 SELECT MemoIndex, FriendName, wDate, Subject, bRead FROM T_FriendMail where GUID=12
00:18:06 [WzExDB] [ExDB][Mail List Send] Mail Count: 0.
00:18:27 SELECT AccountID FROM MuOnline.dbo.warehouse WHERE AccountID='1234'
00:18:27 SELECT Money, DbVersion, pw FROM MuOnline.dbo.warehouse WHERE AccountID='1234'
00:18:27 SELECT Items FROM MuOnline.dbo.warehouse WHERE AccountID='1234'
00:18:36 UPDATE warehouse SET Money=0, pw=0, DbVersion=3 WHERE AccountID='1234'
00:18:36 UPDATE warehouse SET Items=? WHERE AccountID='1234'
00:18:36 UPDATE Character SET Inventory=? WHERE Name='somo'
00:20:48 EXEC WZ_GetItemSerial
00:21:56 EXEC WZ_GetItemSerial
00:22:01 EXEC WZ_GetItemSerial
00:22:01 EXEC WZ_GetItemSerial
00:22:16 EXEC WZ_GetItemSerial
00:22:29 EXEC WZ_GetItemSerial
00:27:06 EXEC WZ_GetItemSerial
00:27:43 UPDATE Character SET cLevel=400,Class=82,LevelUpPoint=2000, Experience=239553827, Strength=21000, Dexterity=21000, Vitality=18000, Energy=23999, Money=115871893, Life=57764, MaxLife=36610, Mana=55186, MaxMana=29208, MapNumber=0, MapPosX=135, MapPosY=129, MapDir=2, PkCount=0, PkLevel=3, PkTime=528223, DbVersion=3, Leadership=0, ChatLimitTime=0, FruitPoint=0, SCFExtInventory=0, SCFUpdatedPShop=1 WHERE Name = 'somo'
00:27:43 UPDATE Character SET Inventory=? WHERE Name='somo'
00:27:43 UPDATE Character SET MagicList=? WHERE Name='somo'
00:27:43 UPDATE Character SET Quest=? WHERE Name='somo'
00:28:22 SELECT MuItemShopList FROM MuOnline.dbo.MEMB_INFO where memb___id = '1234'
00:28:22 SELECT MuItemShopGiftList FROM MuOnline.dbo.MEMB_INFO where memb___id = '1234'
00:28:22 SELECT MuItemShopGiftMsg FROM MuOnline.dbo.MEMB_INFO where memb___id = '1234'
00:28:22 SELECT WCoin,WCoinP,GoblinCoin FROM MuOnline.dbo.MEMB_INFO where memb___id= '1234'
00:29:30 SELECT * FROM MEMB_INFO WHERE memb___id='ngoc119'
[Object] User ngoc119 has join
00:29:30 EXEC WZ_CONNECT_MEMB 'ngoc119','Sub-2','45.122.232.142'
00:29:31 SELECT Id FROM AccountCharacter WHERE Id='ngoc119'
00:29:31 SELECT * FROM AccountCharacter WHERE Id='ngoc119'
00:29:31 SELECT cLevel, Class, CtlCode, DbVersion FROM vCharacterPreview WHERE Name='eewe'
00:29:31 SELECT Inventory FROM Character WHERE Name='eewe'
00:29:31 SELECT G_Status FROM GuildMember WHERE Name='eewe'
00:29:31 SELECT cLevel, Class, CtlCode, DbVersion FROM vCharacterPreview WHERE Name='Yoyo'
00:29:31 SELECT Inventory FROM Character WHERE Name='Yoyo'
00:29:31 SELECT G_Status FROM GuildMember WHERE Name='Yoyo'
00:29:31 SELECT SCFIsVip, SCFVipMoney, SCFVipDays, SCFWareVipCount, DateDiff(dd , out__days,getdate()) as dateDifference, SCFLuckyCoins, SCFExtWarehouse FROM MuOnline.dbo.MEMB_INFO WHERE memb___id = 'ngoc119'
00:29:31 SELECT AccountID,BotLife,BotMaxLife FROM MuOnline.dbo.BotPet WHERE AccountID='ngoc119' AND BotLife < BotMaxLife
00:29:31 SELECT COUNT(*) as cnt FROM MuOnline.dbo.TitanLotteryPlayers WHERE AccountID='ngoc119'
00:29:34 SELECT cLevel, Class, LevelUpPoint, Experience, Strength, Dexterity, Vitality, Energy, Money, Life, MaxLife, Mana, MaxMana, MapNumber, MapPosX, MapPosY, MapDir, PkCount, PkLevel, PkTime, CtlCode, DbVersion, Leadership, ChatLimitTime, FruitPoint, SCFExtInventory, SCFUpdatedPShop FROM Character WHERE Name='Yoyo' AND AccountID='ngoc119'
00:29:34 SELECT Inventory from Character where Name='Yoyo'
00:29:34 SELECT MagicList from Character where Name='Yoyo'
00:29:34 SELECT Quest from Character where Name='Yoyo'
00:29:34 UPDATE AccountCharacter SET GameIDC='Yoyo' WHERE Id='ngoc119'
00:29:34 SELECT * FROM OptionData WHERE Name='Yoyo'
00:29:35 [WzExDB] [ExDB][Guild Member Info Request] Member [Yoyo].
00:29:35 SELECT G_Name, G_Level, G_Status FROM GuildMember where Name='Yoyo'
00:29:35 SELECT Name FROM MuOnline.dbo.OfficialHelper WHERE Name = 'Yoyo'
00:29:35 SELECT SkillKey from OptionData where Name='Yoyo'
00:29:35 SELECT SCFMasterLevel, SCFMasterPoints, Resets, SCFPCPoints, SCFSealItem, SCFSealTime, SCFScrollItem, SCFScrollTime, SCFMarried, SCFMarryHusbandWife, SCFGensFamily, SCFGensContribution,SCFGensRank,SCFGensRecvReward,SCFGensDD = (CAST((DATEDIFF(dd,SCFGensDateLeave,GETDATE())) as int)+1) FROM MuOnline.dbo.Character WHERE Name = 'Yoyo'
00:29:35 [WzExDB] [ExDB][Send Guild Member Info] No info returned from sManager->db.
00:29:35 SELECT Name FROM MuOnline.dbo.Character WHERE Name = 'Yoyo' and AccountID = 'ngoc119'
00:29:35 SELECT Data FROM MuOnline.dbo.OfficialHelper where Name = 'Yoyo'
00:29:35 SELECT Name FROM MuOnline.dbo.SCFS5Quest WHERE Name = 'Yoyo' and AccountID = 'ngoc119'
00:29:35 SELECT SCFS5Quest FROM MuOnline.dbo.SCFS5Quest where Name = 'Yoyo' and AccountID = 'ngoc119'
00:29:35 SELECT SCFMasterSkill FROM MuOnline.dbo.Character where Name = 'Yoyo' and AccountID = 'ngoc119'
00:29:35 [WzExDB] [ExDB][Friend List Request] Name[Yoyo].
00:29:35 SELECT GUID, MemoTotal FROM T_FriendMain where Name = 'Yoyo'
00:29:35 SELECT FriendGuid, FriendName, Del FROM T_FriendList where GUID = 15
00:29:35 [WzExDB] [ExDB][Friend List Send] Name[Yoyo].
00:29:35 [WzExDB] [ExDB][Friend List Send] Friend Count[0].
00:29:35 SELECT FriendName FROM T_WaitFriend where GUID=15
[WzExDB] [ExDB][Mail List Request] Name[Yoyo].
00:29:35 [WzExDB] [ExDB][Mail List Send] Name[Yoyo].
00:29:35 SELECT MemoIndex, FriendName, wDate, Subject, bRead FROM T_FriendMail where GUID=15
00:29:35 [WzExDB] [ExDB][Mail List Send] Mail Count: 0.
00:30:37 EXEC WZ_GetItemSerial
00:30:45 EXEC WZ_GetItemSerial
00:30:46 EXEC WZ_GetItemSerial
00:30:48 EXEC WZ_GetItemSerial
00:30:51 EXEC WZ_GetItemSerial
00:30:56 EXEC WZ_GetItemSerial
00:30:58 EXEC WZ_GetItemSerial
00:31:00 EXEC WZ_GetItemSerial
00:31:00 EXEC WZ_GetItemSerial
00:31:02 EXEC WZ_GetItemSerial
00:31:06 EXEC WZ_GetItemSerial
00:31:09 EXEC WZ_GetItemSerial
00:31:12 EXEC WZ_GetItemSerial
00:31:14 EXEC WZ_GetItemSerial
00:31:14 EXEC WZ_GetItemSerial
00:31:16 EXEC WZ_GetItemSerial
00:31:20 EXEC WZ_GetItemSerial
00:31:21 EXEC WZ_GetItemSerial
00:31:25 EXEC WZ_GetItemSerial
00:31:25 EXEC WZ_GetItemSerial
00:31:27 EXEC WZ_GetItemSerial
00:31:29 EXEC WZ_GetItemSerial
00:31:29 EXEC WZ_GetItemSerial
00:31:31 EXEC WZ_GetItemSerial
00:31:31 EXEC WZ_GetItemSerial
00:31:38 EXEC WZ_GetItemSerial
00:31:40 EXEC WZ_GetItemSerial
00:31:41 EXEC WZ_GetItemSerial
00:31:45 EXEC WZ_GetItemSerial
00:31:47 EXEC WZ_GetItemSerial
00:31:54 EXEC WZ_GetItemSerial
00:31:56 EXEC WZ_GetItemSerial
00:32:04 EXEC WZ_GetItemSerial
00:32:06 EXEC WZ_GetItemSerial
00:32:06 EXEC WZ_GetItemSerial
00:32:06 EXEC WZ_GetItemSerial
00:32:07 EXEC WZ_GetItemSerial
00:32:10 EXEC WZ_GetItemSerial
00:32:10 EXEC WZ_GetItemSerial
00:32:14 EXEC WZ_GetItemSerial
00:32:16 EXEC WZ_GetItemSerial
00:32:18 EXEC WZ_GetItemSerial
00:32:21 EXEC WZ_GetItemSerial
00:32:21 EXEC WZ_GetItemSerial
00:32:21 EXEC WZ_GetItemSerial
00:32:23 EXEC WZ_GetItemSerial
00:32:26 EXEC WZ_GetItemSerial
00:32:34 EXEC WZ_GetItemSerial
00:32:35 EXEC WZ_GetItemSerial
00:32:36 EXEC WZ_GetItemSerial
00:32:37 EXEC WZ_GetItemSerial
00:32:40 EXEC WZ_GetItemSerial
00:32:42 EXEC WZ_GetItemSerial
00:32:44 EXEC WZ_GetItemSerial
00:32:49 EXEC WZ_GetItemSerial
00:32:53 EXEC WZ_GetItemSerial
00:33:00 EXEC WZ_GetItemSerial
00:33:05 EXEC WZ_GetItemSerial
00:33:06 EXEC WZ_GetItemSerial
00:33:08 EXEC WZ_GetItemSerial
00:33:10 EXEC WZ_GetItemSerial
00:33:14 EXEC WZ_GetItemSerial
00:33:19 EXEC WZ_GetItemSerial
00:33:22 EXEC WZ_GetItemSerial
00:33:23 EXEC WZ_GetItemSerial
00:33:25 EXEC WZ_GetItemSerial
00:33:27 UPDATE MuOnline.dbo.Character SET SCFMasterLevel=10, SCFMasterPoints=9, Resets=5, SCFPCPoints=3060, SCFSealItem=0, SCFSealTime=0, SCFScrollItem=0, SCFScrollTime=0, SCFMarried=0, SCFMarryHusbandWife='', SCFGensFamily=0, SCFGensContribution=0,SCFGensRecvReward=0 WHERE Name = 'somo'
00:33:27 UPDATE Character SET cLevel=400,Class=82,LevelUpPoint=2000, Experience=269975284, Strength=21000, Dexterity=21000, Vitality=18000, Energy=23999, Money=147205528, Life=58834, MaxLife=36620, Mana=56646, MaxMana=29228, MapNumber=34, MapPosX=173, MapPosY=44, MapDir=2, PkCount=0, PkLevel=3, PkTime=528567, DbVersion=3, Leadership=0, ChatLimitTime=0, FruitPoint=0, SCFExtInventory=0, SCFUpdatedPShop=1 WHERE Name = 'somo'
00:33:27 UPDATE Character SET Inventory=? WHERE Name='somo'
00:33:27 UPDATE Character SET MagicList=? WHERE Name='somo'
00:33:27 UPDATE Character SET Quest=? WHERE Name='somo'
00:33:33 EXEC WZ_GetItemSerial
00:33:34 EXEC WZ_GetItemSerial
00:33:35 EXEC WZ_GetItemSerial
00:33:36 EXEC WZ_GetItemSerial
00:33:40 EXEC WZ_GetItemSerial
00:33:42 EXEC WZ_GetItemSerial
00:33:44 EXEC WZ_GetItemSerial
00:33:48 EXEC WZ_GetItemSerial
00:33:50 EXEC WZ_GetItemSerial
00:33:50 EXEC WZ_GetItemSerial
00:33:51 EXEC WZ_GetItemSerial
00:33:52 EXEC WZ_GetItemSerial
00:33:54 EXEC WZ_GetItemSerial
00:33:57 EXEC WZ_GetItemSerial
00:34:01 EXEC WZ_GetItemSerial
00:34:04 EXEC WZ_GetItemSerial
00:34:04 EXEC WZ_GetItemSerial
00:34:11 EXEC WZ_GetItemSerial
00:34:15 EXEC WZ_GetItemSerial
00:34:15 EXEC WZ_GetItemSerial
00:34:17 EXEC WZ_GetItemSerial
00:34:19 EXEC WZ_GetItemSerial
00:34:20 EXEC WZ_GetItemSerial
00:34:21 EXEC WZ_GetItemSerial
00:34:23 EXEC WZ_GetItemSerial
00:34:26 EXEC WZ_GetItemSerial
00:34:27 EXEC WZ_GetItemSerial
00:34:29 EXEC WZ_GetItemSerial
00:34:33 EXEC WZ_GetItemSerial
00:34:33 EXEC WZ_GetItemSerial
00:34:34 EXEC WZ_GetItemSerial
00:34:36 EXEC WZ_GetItemSerial
00:34:40 EXEC WZ_GetItemSerial
00:34:41 EXEC WZ_GetItemSerial
00:34:41 EXEC WZ_GetItemSerial
00:34:41 EXEC WZ_GetItemSerial
00:34:47 EXEC WZ_GetItemSerial
00:34:47 EXEC WZ_GetItemSerial
00:34:48 EXEC WZ_GetItemSerial
00:34:49 EXEC WZ_GetItemSerial
00:34:54 EXEC WZ_GetItemSerial
00:34:57 EXEC WZ_GetItemSerial
00:34:58 EXEC WZ_GetItemSerial
00:34:58 EXEC WZ_GetItemSerial
00:35:03 EXEC WZ_GetItemSerial
00:35:04 EXEC WZ_GetItemSerial
00:35:06 EXEC WZ_GetItemSerial
00:35:11 EXEC WZ_GetItemSerial
00:35:12 EXEC WZ_GetItemSerial
00:35:13 EXEC WZ_GetItemSerial
00:35:14 EXEC WZ_GetItemSerial
00:35:15 EXEC WZ_GetItemSerial
00:35:16 EXEC WZ_GetItemSerial
00:35:19 EXEC WZ_GetItemSerial
00:35:21 EXEC WZ_GetItemSerial
00:35:26 EXEC WZ_GetItemSerial
00:35:28 EXEC WZ_GetItemSerial
00:35:29 EXEC WZ_GetItemSerial
00:35:30 EXEC WZ_GetItemSerial
00:35:33 EXEC WZ_GetItemSerial
00:35:34 EXEC WZ_GetItemSerial
00:35:39 EXEC WZ_GetItemSerial
00:35:41 EXEC WZ_GetItemSerial
00:35:41 EXEC WZ_GetItemSerial
00:35:42 EXEC WZ_GetItemSerial
00:35:45 EXEC WZ_GetItemSerial
00:35:53 EXEC WZ_GetItemSerial
00:35:56 EXEC WZ_GetItemSerial
00:35:56 EXEC WZ_GetItemSerial
00:35:57 EXEC WZ_GetItemSerial
00:35:57 EXEC WZ_GetItemSerial
00:35:58 EXEC WZ_GetItemSerial
00:35:59 EXEC WZ_GetItemSerial
00:36:01 EXEC WZ_GetItemSerial
00:36:02 EXEC WZ_GetItemSerial
00:36:04 EXEC WZ_GetItemSerial
00:36:05 EXEC WZ_GetItemSerial
00:36:07 EXEC WZ_GetItemSerial
00:36:09 EXEC WZ_GetItemSerial
00:36:10 EXEC WZ_GetItemSerial
00:36:11 EXEC WZ_GetItemSerial
00:36:15 EXEC WZ_GetItemSerial
00:36:15 EXEC WZ_GetItemSerial
00:36:15 EXEC WZ_GetItemSerial
00:36:15 EXEC WZ_GetItemSerial
00:36:16 EXEC WZ_GetItemSerial
00:36:16 EXEC WZ_GetItemSerial
00:36:17 EXEC WZ_GetItemSerial
00:36:18 EXEC WZ_GetItemSerial
00:36:18 EXEC WZ_GetItemSerial
00:36:19 EXEC WZ_GetItemSerial
00:36:29 EXEC WZ_GetItemSerial
00:36:29 EXEC WZ_GetItemSerial
00:36:29 EXEC WZ_GetItemSerial
00:36:29 EXEC WZ_GetItemSerial
00:36:29 EXEC WZ_GetItemSerial
00:36:29 EXEC WZ_GetItemSerial
00:36:31 EXEC WZ_GetItemSerial
00:36:32 EXEC WZ_GetItemSerial
00:36:32 EXEC WZ_GetItemSerial
00:36:33 EXEC WZ_GetItemSerial
00:36:42 EXEC WZ_GetItemSerial
00:36:42 EXEC WZ_GetItemSerial
00:36:43 EXEC WZ_GetItemSerial
00:36:43 EXEC WZ_GetItemSerial
00:36:46 EXEC WZ_GetItemSerial
00:36:47 EXEC WZ_GetItemSerial
00:36:47 EXEC WZ_GetItemSerial
[PostServer] [PostServer][Announce](GM) [admin] thong bao
00:36:57 EXEC WZ_GetItemSerial
00:36:57 EXEC WZ_GetItemSerial
00:37:00 EXEC WZ_GetItemSerial
00:37:01 EXEC WZ_GetItemSerial
[PostServer] [PostServer][Post](GM) erijeor
00:37:09 EXEC WZ_GetItemSerial
[PostServer] [PostServer][Post](GM) eerer
00:37:11 EXEC WZ_GetItemSerial
00:37:13 EXEC WZ_GetItemSerial
00:37:13 EXEC WZ_GetItemSerial
00:37:14 EXEC WZ_GetItemSerial
00:37:14 EXEC WZ_GetItemSerial
00:37:21 UPDATE MuOnline.dbo.Character SET SCFMasterLevel=11, SCFMasterPoints=10, Resets=5, SCFPCPoints=3060, SCFSealItem=0, SCFSealTime=0, SCFScrollItem=0, SCFScrollTime=0, SCFMarried=0, SCFMarryHusbandWife='', SCFGensFamily=0, SCFGensContribution=0,SCFGensRecvReward=0 WHERE Name = 'somo'
00:37:21 UPDATE Character SET cLevel=400,Class=82,LevelUpPoint=2000, Experience=349471704, Strength=21000, Dexterity=21000, Vitality=18000, Energy=23999, Money=269998219, Life=58844, MaxLife=36630, Mana=56666, MaxMana=29248, MapNumber=34, MapPosX=173, MapPosY=44, MapDir=5, PkCount=0, PkLevel=3, PkTime=528801, DbVersion=3, Leadership=0, ChatLimitTime=0, FruitPoint=0, SCFExtInventory=0, SCFUpdatedPShop=1 WHERE Name = 'somo'
00:37:21 UPDATE Character SET Inventory=? WHERE Name='somo'
00:37:21 UPDATE Character SET MagicList=? WHERE Name='somo'
00:37:21 UPDATE Character SET Quest=? WHERE Name='somo'
00:37:21 EXEC WZ_GetItemSerial
00:37:21 EXEC WZ_GetItemSerial
00:37:21 EXEC WZ_GetItemSerial
00:37:24 EXEC WZ_GetItemSerial
00:37:26 EXEC WZ_GetItemSerial
00:37:27 EXEC WZ_GetItemSerial
00:37:27 EXEC WZ_GetItemSerial
00:37:28 EXEC WZ_GetItemSerial
00:37:29 EXEC WZ_GetItemSerial
00:37:29 EXEC WZ_GetItemSerial
00:37:36 EXEC WZ_GetItemSerial
00:37:36 EXEC WZ_GetItemSerial
00:37:36 EXEC WZ_GetItemSerial
00:37:36 EXEC WZ_GetItemSerial
00:37:41 EXEC WZ_GetItemSerial
00:37:43 EXEC WZ_GetItemSerial
00:37:43 UPDATE Character SET cLevel=400,Class=82,LevelUpPoint=2000, Experience=357910084, Strength=21000, Dexterity=21000, Vitality=18000, Energy=23999, Money=283551169, Life=58844, MaxLife=36630, Mana=56666, MaxMana=29248, MapNumber=34, MapPosX=171, MapPosY=50, MapDir=4, PkCount=0, PkLevel=3, PkTime=528823, DbVersion=3, Leadership=0, ChatLimitTime=0, FruitPoint=0, SCFExtInventory=0, SCFUpdatedPShop=1 WHERE Name = 'somo'
00:37:43 UPDATE Character SET Inventory=? WHERE Name='somo'
00:37:43 UPDATE Character SET MagicList=? WHERE Name='somo'
00:37:43 UPDATE Character SET Quest=? WHERE Name='somo'
00:37:46 EXEC WZ_GetItemSerial
00:37:52 EXEC WZ_GetItemSerial
00:37:53 EXEC WZ_GetItemSerial
00:37:57 EXEC WZ_GetItemSerial
00:38:00 EXEC WZ_GetItemSerial
00:38:02 EXEC WZ_GetItemSerial
00:38:07 EXEC WZ_GetItemSerial
00:38:08 EXEC WZ_GetItemSerial
00:38:10 EXEC WZ_GetItemSerial
00:38:17 EXEC WZ_GetItemSerial
00:38:18 EXEC WZ_GetItemSerial
00:38:20 EXEC WZ_GetItemSerial
00:38:20 EXEC WZ_GetItemSerial
00:38:24 EXEC WZ_GetItemSerial
00:38:32 EXEC WZ_GetItemSerial
00:38:32 EXEC WZ_GetItemSerial
00:38:33 EXEC WZ_GetItemSerial
00:38:34 EXEC WZ_GetItemSerial
00:38:34 EXEC WZ_GetItemSerial
00:38:36 EXEC WZ_GetItemSerial
00:38:41 EXEC WZ_GetItemSerial
00:38:41 EXEC WZ_GetItemSerial
00:38:42 EXEC WZ_GetItemSerial
00:38:45 EXEC WZ_GetItemSerial
00:38:45 EXEC WZ_GetItemSerial
00:38:46 EXEC WZ_GetItemSerial
00:38:46 EXEC WZ_GetItemSerial
00:38:54 EXEC WZ_GetItemSerial
00:38:58 EXEC WZ_GetItemSerial
00:38:59 EXEC WZ_GetItemSerial
00:39:00 EXEC WZ_GetItemSerial
00:39:02 EXEC WZ_GetItemSerial
00:39:04 EXEC WZ_GetItemSerial
00:39:07 EXEC WZ_GetItemSerial
00:39:12 EXEC WZ_GetItemSerial
00:39:14 EXEC WZ_GetItemSerial
00:39:16 EXEC WZ_GetItemSerial
00:39:19 SELECT Name FROM MuOnline.dbo.OfficialHelper WHERE Name = 'Yoyo'
00:39:19 UPDATE Character SET cLevel=398,Class=2,LevelUpPoint=0, Experience=253756008, Strength=18000, Dexterity=18000, Vitality=15000, Energy=30000, Money=206607863, Life=16340, MaxLife=42126, Mana=24460, MaxMana=18116, MapNumber=34, MapPosX=203, MapPosY=58, MapDir=1, PkCount=0, PkLevel=3, PkTime=528919, DbVersion=3, Leadership=0, ChatLimitTime=0, FruitPoint=0, SCFExtInventory=0, SCFUpdatedPShop=1 WHERE Name = 'Yoyo'
00:39:19 UPDATE MuOnline.dbo.OfficialHelper SET Data=? WHERE Name='Yoyo'
00:39:19 UPDATE Character SET Inventory=? WHERE Name='Yoyo'
00:39:19 UPDATE Character SET MagicList=? WHERE Name='Yoyo'
00:39:19 UPDATE Character SET Quest=? WHERE Name='Yoyo'
00:39:20 EXEC WZ_GetItemSerial
00:39:22 EXEC WZ_GetItemSerial
00:39:23 EXEC WZ_GetItemSerial
00:39:23 EXEC WZ_GetItemSerial
00:39:25 UPDATE Character SET cLevel=398,Class=2,LevelUpPoint=0, Experience=255900030, Strength=18000, Dexterity=18000, Vitality=15000, Energy=30000, Money=207408469, Life=16350, MaxLife=42126, Mana=28960, MaxMana=18116, MapNumber=34, MapPosX=207, MapPosY=57, MapDir=2, PkCount=0, PkLevel=3, PkTime=528924, DbVersion=3, Leadership=0, ChatLimitTime=0, FruitPoint=0, SCFExtInventory=0, SCFUpdatedPShop=1 WHERE Name = 'Yoyo'
00:39:25 EXEC WZ_DISCONNECT_MEMB 'ngoc119'
00:39:25 UPDATE Character SET Inventory=? WHERE Name='Yoyo'
00:39:25 UPDATE Character SET MagicList=? WHERE Name='Yoyo'
00:39:25 UPDATE Character SET Quest=? WHERE Name='Yoyo'
00:39:27 EXEC WZ_GetItemSerial
[Player] ngoc119 has been deleted
00:39:29 EXEC WZ_GetItemSerial
00:39:35 EXEC WZ_GetItemSerial
00:39:40 EXEC WZ_GetItemSerial
00:39:40 EXEC WZ_GetItemSerial
00:39:43 EXEC WZ_GetItemSerial
00:39:49 EXEC WZ_GetItemSerial
00:40:05 EXEC WZ_GetItemSerial
00:40:05 EXEC WZ_GetItemSerial
00:40:08 EXEC WZ_GetItemSerial
00:40:09 EXEC WZ_GetItemSerial
00:40:14 EXEC WZ_GetItemSerial
00:40:22 EXEC WZ_GetItemSerial
00:40:22 EXEC WZ_GetItemSerial
00:40:25 UPDATE Character SET cLevel=400,Class=82,LevelUpPoint=2000, Experience=403064419, Strength=21000, Dexterity=21000, Vitality=18000, Energy=23999, Money=341427710, Life=58844, MaxLife=36630, Mana=56666, MaxMana=29248, MapNumber=34, MapPosX=174, MapPosY=43, MapDir=5, PkCount=0, PkLevel=3, PkTime=528985, DbVersion=3, Leadership=0, ChatLimitTime=0, FruitPoint=0, SCFExtInventory=0, SCFUpdatedPShop=1 WHERE Name = 'somo'
00:40:25 EXEC WZ_DISCONNECT_MEMB '1234'
00:40:25 UPDATE Character SET Inventory=? WHERE Name='somo'
00:40:25 UPDATE Character SET MagicList=? WHERE Name='somo'
00:40:25 UPDATE Character SET Quest=? WHERE Name='somo'
[Player] 1234 has been deleted
[JoinServer] Connection Closed, dwIoSize == 0 (Index:0)
[DataServer1] Connection Closed, dwIoSize == 0 (Index:0)
[DataServer2] Connection Closed, dwIoSize == 0 (Index:0)
[WzExDB] Connection Closed, dwIoSize == 0 (Index:0)
[PostServer] Connection Closed, dwIoSize == 0 (Index:0)
[ExtraServer] Connection Closed, dwIoSize == 0 (Index:0)
